"../../../Engine/Content/Functions/Engine_MaterialFunctions01/Opacity/CameraDepthFade.uasset" 0
"../../../Engine/Content/EngineMaterials/T_Default_Material_Grid_M.uasset" 1
"../../../Engine/Content/EngineMaterials/T_Default_Material_Grid_N.uasset" 2
"../../../Engine/Content/EngineMaterials/DefaultMaterial.uasset" 3
"../../../Engine/Content/BasicShapes/Cone.uasset" 4
"../../../Engine/Content/EngineMaterials/WorldGridMaterial.uasset" 5
"../../../Engine/Content/BasicShapes/Cube.uasset" 6
"../../../Engine/Content/BasicShapes/Plane.uasset" 7
"../../../Engine/Content/EditorLandscapeResources/DataLayer.uasset" 8
"../../../Engine/Content/EditorMaterials/GizmoMaterial.uasset" 9
"../../../Engine/Content/EditorMaterials/MAT_Groups_Toggle.uasset" 10
"../../../Engine/Content/EditorMaterials/MAT_Groups_Visibility.uasset" 11
"../../../Engine/Content/EditorMaterials/PreviewShadowIndicator.uasset" 12
"../../../Engine/Content/EditorMaterials/PreviewShadowIndicatorMaterial.uasset" 13
"../../../Engine/Content/EditorMaterials/AssetViewer/EpicQuadPanorama_CC+EV1.uasset" 14
"../../../Engine/Content/EditorMaterials/MatineeGroups/MAT_ColorTrack.uasset" 15
"../../../Engine/Content/EditorMaterials/MatineeGroups/MAT_Groups_Anim.uasset" 16
"../../../Engine/Content/EditorMaterials/MatineeGroups/MAT_Groups_AudioMaster.uasset" 17
"../../../Engine/Content/EditorMaterials/MatineeGroups/MAT_Groups_Director.uasset" 18
"../../../Engine/Content/EditorMaterials/MatineeGroups/MAT_Groups_Event.uasset" 19
"../../../Engine/Content/EditorMaterials/MatineeGroups/MAT_Groups_Fade.uasset" 20
"../../../Engine/Content/EditorMaterials/MatineeGroups/MAT_Groups_Float.uasset" 21
"../../../Engine/Content/EditorMaterials/MatineeGroups/MAT_Groups_Move.uasset" 22
"../../../Engine/Content/EditorMaterials/MatineeGroups/MAT_Groups_Slomo.uasset" 23
"../../../Engine/Content/EditorMaterials/MatineeGroups/MAT_Groups_Sound.uasset" 24
"../../../Engine/Content/EditorMaterials/MatineeGroups/MAT_Groups_Vector.uasset" 25
"../../../Engine/Content/EditorMaterials/ParticleSystems/PSysThumbnail_NoImage.uasset" 26
"../../../Engine/Content/EditorMaterials/ParticleSystems/PSysThumbnail_OOD.uasset" 27
"../../../Engine/Content/EditorMaterials/Camera/CineMat.uasset" 28
"../../../Engine/Content/EditorMaterials/Camera/MI_CineMat_Rig.uasset" 29
"../../../Engine/Content/EditorMeshes/Camera/SM_CraneRig_Arm.uasset" 30
"../../../Engine/Content/EditorMeshes/Camera/SM_CraneRig_Base.uasset" 31
"../../../Engine/Content/EditorMeshes/Camera/SM_CraneRig_Body.uasset" 32
"../../../Engine/Content/EditorMeshes/Camera/SM_CraneRig_Mount.uasset" 33
"../../../Engine/Content/EditorMeshes/Camera/SM_RailRig_Mount.uasset" 34
"../../../Engine/Content/EditorMeshes/Camera/SM_RailRig_Track.uasset" 35
"../../../Engine/Content/EditorResources/BSPVertex.uasset" 36
"../../../Engine/Content/EditorResources/EmptyActor.uasset" 37
"../../../Engine/Content/EditorResources/RGBTable16x1_AssetViewer.uasset" 38
"../../../Engine/Content/EditorResources/S_Actor.uasset" 39
"../../../Engine/Content/EditorResources/S_Trigger.uasset" 40
"../../../Engine/Content/EditorResources/AudioIcons/S_AudioComponent.uasset" 41
"../../../Engine/Content/EditorResources/AudioIcons/S_AudioComponent_AutoActivate.uasset" 42
"../../../Engine/Content/EditorResources/LightIcons/S_LightError.uasset" 43
"../../../Engine/Content/EditorResources/SequenceRecorder/Countdown.uasset" 44
"../../../Engine/Content/EditorResources/SequenceRecorder/RecordingIndicator.uasset" 45
"../../../Engine/Content/EditorSounds/Notifications/CompileFailed.uasset" 46
"../../../Engine/Content/EditorSounds/Notifications/CompileFailed_Cue.uasset" 47
"../../../Engine/Content/EditorSounds/Notifications/CompileSuccess.uasset" 48
"../../../Engine/Content/EditorSounds/Notifications/CompileStart_Cue.uasset" 49
"../../../Engine/Content/EditorSounds/Notifications/CompileSuccess_Cue.uasset" 50
"../../../Engine/Content/EngineDamageTypes/DmgTypeBP_Environmental.uasset" 51
"../../../Engine/Content/EngineDebugMaterials/HeatmapGradient.uasset" 52
"../../../Engine/Content/EngineDebugMaterials/BoneWeightMaterial.uasset" 53
"../../../Engine/Content/EngineDebugMaterials/DebugMeshMaterial.uasset" 54
"../../../Engine/Content/EngineDebugMaterials/GeomMaterial.uasset" 55
"../../../Engine/Content/EngineFonts/Faces/RobotoBold.uasset" 56
"../../../Engine/Content/EngineFonts/Faces/RobotoBoldItalic.uasset" 57
"../../../Engine/Content/EngineFonts/Faces/RobotoItalic.uasset" 58
"../../../Engine/Content/EngineFonts/Faces/RobotoLight.uasset" 59
"../../../Engine/Content/EngineFonts/Faces/RobotoRegular.uasset" 60
"../../../Engine/Content/EngineFonts/Roboto.uasset" 61
"../../../Engine/Content/EngineFonts/Faces/RobotoTiny.uasset" 62
"../../../Engine/Content/EngineFonts/RobotoTiny.uasset" 63
"../../../Engine/Content/EngineMaterials/DefaultBokeh.uasset" 64
"../../../Engine/Content/EngineMaterials/DefaultDiffuse.uasset" 65
"../../../Engine/Content/EngineMaterials/DefaultDeferredDecalMaterial.uasset" 66
"../../../Engine/Content/EngineMaterials/DefaultLightFunctionMaterial.uasset" 67
"../../../Engine/Content/EngineMaterials/DefaultPhysicalMaterial.uasset" 68
"../../../Engine/Content/Functions/Engine_MaterialFunctions02/Utility/BreakOutFloat2Components.uasset" 69
"../../../Engine/Content/EngineMaterials/DefaultPostProcessMaterial.uasset" 70
"../../../Engine/Content/EngineFonts/RobotoDistanceField.uasset" 71
"../../../Engine/Content/EngineMaterials/DefaultTextMaterialOpaque.uasset" 72
"../../../Engine/Content/EngineMaterials/DefaultWhiteGrid.uasset" 73
"../../../Engine/Content/EngineMaterials/EditorBrushMaterial.uasset" 74
"../../../Engine/Content/EngineMaterials/MiniFont.uasset" 75
"../../../Engine/Content/EngineMaterials/InvalidLightmapSettings.uasset" 76
"../../../Engine/Content/EngineMaterials/M_InvalidLightmapSettings.uasset" 77
"../../../Engine/Content/EngineMaterials/PhAT_JointLimitMaterial.uasset" 78
"../../../Engine/Content/EngineMaterials/PreintegratedSkinBRDF.uasset" 79
"../../../Engine/Content/EngineMaterials/RemoveSurfaceMaterial.uasset" 80
"../../../Engine/Content/EngineMaterials/WeightMapPlaceholderTexture.uasset" 81
"../../../Engine/Content/EngineResources/WhiteSquareTexture.uasset" 82
"../../../Engine/Content/EngineMaterials/Widget3DPassThrough.uasset" 83
"../../../Engine/Content/EngineMaterials/Widget3DPassThrough_Masked.uasset" 84
"../../../Engine/Content/EngineMaterials/Widget3DPassThrough_Opaque.uasset" 85
"../../../Engine/Content/EngineMaterials/Widget3DPassThrough_Masked_OneSided.uasset" 86
"../../../Engine/Content/EngineMaterials/Widget3DPassThrough_Opaque_OneSided.uasset" 87
"../../../Engine/Content/EngineMaterials/Widget3DPassThrough_Translucent.uasset" 88
"../../../Engine/Content/EngineMaterials/Widget3DPassThrough_Translucent_OneSided.uasset" 89
"../../../Engine/Content/EngineMeshes/Cube.uasset" 90
"../../../Engine/Content/EngineMeshes/Cylinder.uasset" 91
"../../../Engine/Content/EngineMeshes/Sphere.uasset" 92
"../../../Engine/Content/EngineResources/DefaultTexture.uasset" 93
"../../../Engine/Content/EngineResources/DefaultTextureCube.uasset" 94
"../../../Engine/Content/EngineResources/GradientTexture0.uasset" 95
"../../../Engine/Content/EngineSounds/Master.uasset" 96
"../../../Engine/Content/Functions/Engine_MaterialFunctions01/Shading/ConvertFromDiffSpec.uasset" 97
"../../../Engine/Content/Functions/Engine_MaterialFunctions01/Shading/PowerToRoughness.uasset" 98
"../../../Engine/Content/Maps/Templates/Thumbnails/Default.uasset" 99
"../../../Engine/Content/Maps/Templates/Thumbnails/VR-Basic.uasset" 100
"../../../Engine/Content/MobileResources/T_MobileControls_texture.uasset" 101
"../../../Engine/Content/MobileResources/T_MobileMenu2.uasset" 102
"../../../Engine/Content/MobileResources/HUD/AnalogHat.uasset" 103
"../../../Engine/Content/MobileResources/HUD/VirtualJoystick_Background.uasset" 104
"../../../Engine/Content/MobileResources/HUD/VirtualJoystick_Thumb.uasset" 105
"../../../Engine/Content/MobileResources/HUD/DefaultVirtualJoysticks.uasset" 106
"../../../Engine/Content/MobileResources/HUD/LeftVirtualJoystickOnly.uasset" 107
"../../../Engine/Content/MobileResources/HUD/MobileHUDButton1_off.uasset" 108
"../../../Engine/Content/MobileResources/HUD/MobileHUDButton1_on.uasset" 109
"../../../Engine/Content/MobileResources/HUD/MobileHUDButton2_off.uasset" 110
"../../../Engine/Content/MobileResources/HUD/MobileHUDButton2_on.uasset" 111
"../../../Engine/Content/MobileResources/HUD/MobileHUDButton3.uasset" 112
"../../../Engine/Content/MobileResources/HUD/MobileHUDButtonFire.uasset" 113
"../../../Engine/Content/MobileResources/HUD/MobileHUDDirectionPad.uasset" 114
"../../../Engine/Content/MobileResources/HUD/MobileHUDDirectionPad2.uasset" 115
"../../../Engine/Content/MobileResources/HUD/MobileHUDDirectionPad3.uasset" 116
"../../../Engine/Content/MobileResources/HUD/MobileHUDDirectionStick.uasset" 117
"../../../Engine/Content/MobileResources/HUD/T_Castle_ThumbstickInner.uasset" 118
"../../../Engine/Content/MobileResources/HUD/T_Castle_ThumbstickOutter.uasset" 119
"../../../Engine/Content/Tutorial/ContentIntroCurve.uasset" 120
"../../../Engine/Content/Tutorial/Basics/TutorialAssets/icon_tab_Levels_40x.uasset" 121
"../../../Engine/Content/Tutorial/BlueprintTutorials/TutorialAssets/BlueprintInterface_64x.uasset" 122
"../../../Engine/Content/Tutorial/BlueprintTutorials/TutorialAssets/BlueprintMacroLibrary_64x.uasset" 123
"../../../Engine/Content/Tutorial/BlueprintTutorials/TutorialAssets/Blueprint_64x.uasset" 124
"../../../Engine/Content/Tutorial/BlueprintTutorials/TutorialAssets/Tutorial_BP_Interface.uasset" 125
"../../../Engine/Content/Tutorial/Foliage/TutorialAssets/Foliage.uasset" 126
"../../../Engine/Content/Tutorial/Landscape/TutorialAssets/Landscape.uasset" 127
"../../../Engine/Content/Tutorial/Paper2D/TutorialAssets/Paper2DFlipbook_TutorialIcon.uasset" 128
"../../../Engine/Content/Tutorial/Paper2D/TutorialAssets/Paper2DSprite_TutorialIcon.uasset" 129
"../../../Engine/Content/Tutorial/SubEditors/TutorialAssets/icon_Editor_Preferences_General_40x.uasset" 130
"../../../Engine/Content/Tutorial/SubEditors/TutorialAssets/icon_ShowSkeletalMeshes_40x.uasset" 131
"../../../Engine/Content/Tutorial/SubEditors/TutorialAssets/TutorialMaterial.uasset" 132
"../../../Engine/Content/Tutorial/SubEditors/TutorialAssets/T_SmokeSubUV_8X8.uasset" 133
"../../../Engine/Content/Tutorial/SubEditors/TutorialAssets/T_soft_smoke.uasset" 134
"../../../Engine/Content/Tutorial/SubEditors/TutorialAssets/M_smoke_subUV_blackbody.uasset" 135
"../../../Engine/Content/Tutorial/SubEditors/TutorialAssets/TutorialParticleSystem.uasset" 136
"../../../Engine/Content/EditorMeshes/EditorCube.uasset" 137
"../../../Engine/Content/Tutorial/SubEditors/TutorialAssets/Tutorial_DM.uasset" 138
"../../../Engine/Content/VREditor/Devices/Generic/GenericHMDMaterial.uasset" 139
"../../../Engine/Content/VREditor/Devices/Generic/GenericHMD.uasset" 140
"../../../Engine/Content/VREditor/FloatingText/LineMaterial.uasset" 141
"../../../Engine/Content/VREditor/FloatingText/JointSphere.uasset" 142
"../../../Engine/Content/VREditor/FloatingText/LineSegmentCylinder.uasset" 143
"../../../Engine/Content/VREditor/Fonts/VRText_RobotoLarge.uasset" 144
"../../../Engine/Content/VREditor/Fonts/VRTextMaterial.uasset" 145
"../../../Engine/Content/VREditor/Fonts/TranslucentVRTextMaterial.uasset" 146
"../../../Engine/Content/VREditor/LaserPointer/VR_LaserPower_01.uasset" 147
"../../../Engine/Content/VREditor/LaserPointer/LaserPointerMaterial.uasset" 148
"../../../Engine/Content/VREditor/LaserPointer/LaserPointerMaterialInst.uasset" 149
"../../../Engine/Content/VREditor/LaserPointer/TranslucentLaserPointerMaterialInst.uasset" 150
"../../../Engine/Content/VREditor/LaserPointer/LaserPointerMesh.uasset" 151
"../../../Engine/Content/VREditor/Sounds/VR_grab_Cue.uasset" 152
"../../../Engine/Content/VREditor/Sounds/VR_teleport_Cue.uasset" 153
"../../../Engine/Content/VREditor/TransformGizmo/TransformGizmoMaterial.uasset" 154
"../../../Engine/Content/VREditor/TransformGizmo/TranslucentTransformGizmoMaterial.uasset" 155
"../../../Engine/Content/VREditor/TransformGizmo/BoundingBoxCorner.uasset" 156
"../../../Engine/Content/VREditor/TransformGizmo/BoundingBoxEdge.uasset" 157
"../../../Engine/Content/VREditor/TransformGizmo/PlaneTranslationHandle.uasset" 158
"../../../Engine/Content/VREditor/TransformGizmo/RotationHandle.uasset" 159
"../../../Engine/Content/VREditor/TransformGizmo/RotationHandleFull.uasset" 160
"../../../Engine/Content/VREditor/TransformGizmo/StretchingHandle.uasset" 161
"../../../Engine/Content/VREditor/TransformGizmo/TranslateHandleLong.uasset" 162
"../../../Engine/Content/VREditor/TransformGizmo/TranslationHandle.uasset" 163
"../../../Engine/Content/VREditor/TransformGizmo/UniformScaleHandle.uasset" 164
"../../../Engine/Content/VREditor/UI/CloseButtonMesh.uasset" 165
"../../../Engine/Content/VREditor/UI/SelectionBarMesh.uasset" 166
"../../../Engine/Content/Functions/Engine_MaterialFunctions01/Gradient/RadialGradient.uasset" 167
"../../../Engine/Content/VREditor/WorldMovementGrid/SimpleGrid.uasset" 168
"../../../Engine/Content/VREditor/WorldMovementGrid/GridMaterial.uasset" 169
"../../../Engine/Content/Functions/Engine_MaterialFunctions01/Density/ExponentialDensity.uasset" 170
"../../../Engine/Content/VREditor/WorldMovementGrid/GridPostProcess.uasset" 171
"../../../Engine/Content/EditorLandscapeResources/FlattenHeightMat.uasset" 172
"../../../Engine/Content/VREditor/WorldMovementGrid/PlaneMesh.uasset" 173
"../../../VRZaliczenie/Content/Geometry/Meshes/CubeMaterial.uasset" 174
"../../../VRZaliczenie/Content/Geometry/Meshes/1M_Cube_Chamfer.uasset" 175
"../../../VRZaliczenie/Content/Geometry/Meshes/TemplateFloor.uasset" 176
"../../../Engine/Content/EngineResources/Black.uasset" 177
"../../../VRZaliczenie/Content/InfinityBladeGrassLands/Effects/Masters/M_Trans_Sprite_SubUV_Master_DepthFade.uasset" 178
"../../../VRZaliczenie/Content/InfinityBladeGrassLands/Effects/FX_Textures/Smoke/T_Smoke_subUV_01.uasset" 179
"../../../VRZaliczenie/Content/InfinityBladeGrassLands/Effects/FX_Materials/Smoke/M_Smoke_02_Trans_6X6_INST.uasset" 180
"../../../VRZaliczenie/Content/InfinityBladeGrassLands/Effects/FX_Ambient/Fog/P_Dust_groundCoat.uasset" 181
"../../../VRZaliczenie/Content/InfinityBladeGrassLands/Effects/FX_Ambient/Fog/P_Dust_light.uasset" 182
"../../../VRZaliczenie/Content/InfinityBladeGrassLands/Effects/Masters/M_Trans_Sprite_SubUV_Master.uasset" 183
"../../../VRZaliczenie/Content/InfinityBladeGrassLands/Effects/FX_Textures/Env/T_LeafFlip_6X6_01.uasset" 184
"../../../VRZaliczenie/Content/InfinityBladeGrassLands/Effects/FX_Materials/Env/M_LeafFlip_Trans_6X6_INST.uasset" 185
"../../../VRZaliczenie/Content/InfinityBladeGrassLands/Effects/FX_Ambient/leaves/P_DeadLeaves_Blow_Loop.uasset" 186
"../../../VRZaliczenie/Content/InfinityBladeGrassLands/Effects/FX_Ambient/leaves/P_DeadLeaves_Blow_Masked_FIX.uasset" 187
"../../../VRZaliczenie/Content/InfinityBladeGrassLands/Effects/Masters/M_Add_Sprite_Master.uasset" 188
"../../../VRZaliczenie/Content/InfinityBladeGrassLands/Effects/FX_Textures/Gradient/T_starFlare_03.uasset" 189
"../../../VRZaliczenie/Content/InfinityBladeGrassLands/Effects/FX_Materials/Gradient/M_Flare_04_INST.uasset" 190
"../../../VRZaliczenie/Content/InfinityBladeGrassLands/Effects/FX_Ambient/UI_MainMenu/P_UserDestination.uasset" 191
"../../../VRZaliczenie/Content/InfinityBladeGrassLands/Effects/FX_Textures/Tile/T_Black_32.uasset" 192
"../../../VRZaliczenie/Content/InfinityBladeGrassLands/Effects/Masters/M_Trans_Sprite_Master_DepthFade.uasset" 193
"../../../VRZaliczenie/Content/InfinityBladeGrassLands/Effects/FX_Textures/Liquid/T_bloodTest_4X6.uasset" 194
"../../../VRZaliczenie/Content/InfinityBladeGrassLands/Effects/FX_Materials/Liquid/M_Liquid_Spray_01_4X6_INST.uasset" 195
"../../../VRZaliczenie/Content/InfinityBladeGrassLands/Effects/FX_Ambient/Water/P_Water_Fountain_Splash_01.uasset" 196
"../../../VRZaliczenie/Content/InfinityBladeGrassLands/Effects/FX_Ambient/Water/P_Water_Fountain_Splash_Base_01.uasset" 197
"../../../VRZaliczenie/Content/InfinityBladeGrassLands/Effects/FX_Textures/Env/T_Plains_Fountain_Water_01.uasset" 198
"../../../VRZaliczenie/Content/InfinityBladeGrassLands/Effects/FX_Materials/Liquid/M_Water_fountain_01.uasset" 199
"../../../VRZaliczenie/Content/InfinityBladeGrassLands/Effects/FX_Meshes/Env/SM_Plains_Fountain_02.uasset" 200
"../../../VRZaliczenie/Content/InfinityBladeGrassLands/Effects/Masters/M_Opaque_MeshEmit_Emis_Master.uasset" 201
"../../../VRZaliczenie/Content/InfinityBladeGrassLands/Effects/FX_Textures/Texture/T_Ice_Mesh02b.uasset" 202
"../../../VRZaliczenie/Content/InfinityBladeGrassLands/Effects/FX_Materials/ICE/M_Ice_Solid_01_INST.uasset" 203
"../../../VRZaliczenie/Content/InfinityBladeGrassLands/Effects/FX_Textures/Ice/T_Sparkle_Flakes.uasset" 204
"../../../VRZaliczenie/Content/InfinityBladeGrassLands/Effects/FX_Materials/ICE/M_Snow_01_INST.uasset" 205
"../../../VRZaliczenie/Content/InfinityBladeGrassLands/Effects/FX_Meshes/ICE/SM_IceWall_TraceMagic.uasset" 206
"../../../VRZaliczenie/Content/InfinityBladeGrassLands/Effects/FX_Mobile/ICE/combat/P_Buff_ShoutFreeze_02.uasset" 207
"../../../VRZaliczenie/Content/InfinityBladeGrassLands/Effects/FX_Textures/Env/T_Pickup_GoldBag_D.uasset" 208
"../../../VRZaliczenie/Content/InfinityBladeGrassLands/Effects/FX_Textures/Env/T_Pickup_GoldBag_N.uasset" 209
"../../../VRZaliczenie/Content/InfinityBladeGrassLands/Effects/FX_Materials/M_GoldBag.uasset" 210
"../../../VRZaliczenie/Content/InfinityBladeGrassLands/Effects/FX_Meshes/Env/SM_Treasure_Coin.uasset" 211
"../../../VRZaliczenie/Content/InfinityBladeGrassLands/Effects/FX_Textures/Gradient/T_SwipeTrail.uasset" 212
"../../../VRZaliczenie/Content/InfinityBladeGrassLands/Effects/FX_Materials/Env/M_Treasure_Gold_Add_2sided.uasset" 213
"../../../VRZaliczenie/Content/InfinityBladeGrassLands/Effects/FX_Meshes/Env/SM_TreasureChest_Gold.uasset" 214
"../../../VRZaliczenie/Content/InfinityBladeGrassLands/Effects/FX_Treasure/Chest/P_TreasureChest_Open_Mesh.uasset" 215
"../../../VRZaliczenie/Content/InfinityBladeGrassLands/Environments/Breakables/Materials/M_Breakables_Barrels.uasset" 216
"../../../VRZaliczenie/Content/InfinityBladeGrassLands/Environments/Misc/Exo_Deco01/Textures/T_Exo_Cart_D.uasset" 217
"../../../VRZaliczenie/Content/InfinityBladeGrassLands/Environments/Misc/Exo_Deco01/Textures/T_Exo_Cart_N.uasset" 218
"../../../VRZaliczenie/Content/InfinityBladeGrassLands/Environments/Misc/Exo_Deco01/Materials/M_Exo_Cart.uasset" 219
"../../../VRZaliczenie/Content/InfinityBladeGrassLands/Environments/Misc/Exo_Deco01/Textures/T_Exo_Crate_Open_D.uasset" 220
"../../../VRZaliczenie/Content/InfinityBladeGrassLands/Environments/Misc/Exo_Deco01/Textures/T_Exo_Crate_Open_N.uasset" 221
"../../../VRZaliczenie/Content/InfinityBladeGrassLands/Environments/Misc/Exo_Deco01/Materials/M_Exo_Crate_Open.uasset" 222
"../../../VRZaliczenie/Content/InfinityBladeGrassLands/Environments/Misc/Exo_Deco01/Textures/T_Snowy_Pine_Low.uasset" 223
"../../../VRZaliczenie/Content/InfinityBladeGrassLands/Environments/Misc/Exo_Deco01/Textures/T_Snowy_Pine_Low_N.uasset" 224
"../../../VRZaliczenie/Content/InfinityBladeGrassLands/Environments/Misc/Exo_Deco01/Materials/M_Pine_Low.uasset" 225
"../../../VRZaliczenie/Content/InfinityBladeGrassLands/Environments/Misc/Exo_Deco01/Materials/M_WoodenBarrel_01.uasset" 226
"../../../VRZaliczenie/Content/InfinityBladeGrassLands/Environments/Misc/Exo_Deco01/Textures/T_ClothTarps_01_D.uasset" 227
"../../../VRZaliczenie/Content/InfinityBladeGrassLands/Environments/Misc/Exo_Deco01/Textures/T_ClothTarps_01_M.uasset" 228
"../../../VRZaliczenie/Content/InfinityBladeGrassLands/Environments/Misc/Exo_Deco01/Textures/T_ClothTarps_01_N.uasset" 229
"../../../VRZaliczenie/Content/InfinityBladeGrassLands/Environments/Misc/Exo_Deco01/Materials/M_ClothTarps_01.uasset" 230
"../../../VRZaliczenie/Content/InfinityBladeGrassLands/Environments/Misc/Exo_Deco01/StaticMesh/SM_ClothTarps_01.uasset" 231
"../../../VRZaliczenie/Content/InfinityBladeGrassLands/Environments/Misc/Exo_Deco01/Textures/T_Exo_Hay_D.uasset" 232
"../../../VRZaliczenie/Content/InfinityBladeGrassLands/Environments/Misc/Exo_Deco01/Textures/T_Exo_Hay_M.uasset" 233
"../../../VRZaliczenie/Content/InfinityBladeGrassLands/Environments/Misc/Exo_Deco01/Textures/T_Exo_Hay_N.uasset" 234
"../../../VRZaliczenie/Content/InfinityBladeGrassLands/Environments/Misc/Exo_Deco01/Materials/M_Exo_Hay.uasset" 235
"../../../VRZaliczenie/Content/InfinityBladeGrassLands/Environments/Misc/Exo_Deco01/StaticMesh/SM_Exo_Hay.uasset" 236
"../../../VRZaliczenie/Content/InfinityBladeGrassLands/Environments/Misc/Exo_Deco02/Textures/T_Decos_Door_D.uasset" 237
"../../../VRZaliczenie/Content/InfinityBladeGrassLands/Environments/Misc/Exo_Deco02/Textures/T_Decos_Door_M.uasset" 238
"../../../VRZaliczenie/Content/InfinityBladeGrassLands/Environments/Misc/Exo_Deco02/Textures/T_Decos_Door_N.uasset" 239
"../../../VRZaliczenie/Content/InfinityBladeGrassLands/Environments/Misc/Exo_Deco02/Materials/M_Decos_Door.uasset" 240
"../../../VRZaliczenie/Content/InfinityBladeGrassLands/Environments/Misc/Exo_Deco02/Textures/T_Decos_Facade01_D.uasset" 241
"../../../VRZaliczenie/Content/InfinityBladeGrassLands/Environments/Misc/Exo_Deco02/Materials/M_Decos_Facade01.uasset" 242
"../../../VRZaliczenie/Content/InfinityBladeGrassLands/Environments/Misc/Exo_Deco02/Textures/T_HardWood_Floor_D.uasset" 243
"../../../VRZaliczenie/Content/InfinityBladeGrassLands/Environments/Misc/Exo_Deco02/Materials/M_HardWood_Floor.uasset" 244
"../../../VRZaliczenie/Content/InfinityBladeGrassLands/Environments/Misc/Exo_Deco02/Materials/M_Villa_Plaster_1.uasset" 245
"../../../VRZaliczenie/Content/InfinityBladeGrassLands/Environments/Misc/Exo_Deco02/Textures/T_Villa_Pillar_1_D.uasset" 246
"../../../VRZaliczenie/Content/InfinityBladeGrassLands/Environments/Misc/Exo_Deco02/Materials/M_Villa_Pillar_1.uasset" 247
"../../../VRZaliczenie/Content/InfinityBladeGrassLands/Environments/Misc/Exo_Deco02/StaticMesh/SM_Exo_Pillar_1.uasset" 248
"../../../VRZaliczenie/Content/InfinityBladeGrassLands/Environments/Misc/Exo_Deco02/StaticMesh/SM_Exo_Pillar_2.uasset" 249
"../../../VRZaliczenie/Content/InfinityBladeGrassLands/Environments/Plains/Env_Plains_Terrain/Textures/T_Dirt_D.uasset" 250
"../../../VRZaliczenie/Content/InfinityBladeGrassLands/Environments/Plains/Env_Plains_Terrain/Textures/T_Dirt_N.uasset" 251
"../../../VRZaliczenie/Content/InfinityBladeGrassLands/Environments/Plains/Env_Plains_Terrain/Materials/M_Dirt.uasset" 252
"../../../VRZaliczenie/Content/InfinityBladeGrassLands/Environments/SurfaceTypes/PhysicalMaterial_Land.uasset" 253
"../../../VRZaliczenie/Content/InfinityBladeGrassLands/Environments/SurfaceTypes/PhysicalMaterial_Stone.uasset" 254
"../../../VRZaliczenie/Content/InfinityBladeGrassLands/Maps/LevelContent/ElvenRuins_sharedassets/Dirt_LayerInfo.uasset" 255
"../../../VRZaliczenie/Content/InfinityBladeGrassLands/Maps/LevelContent/ElvenRuins_sharedassets/Path_LayerInfo.uasset" 256
"../../../VRZaliczenie/Content/InfinityBladeGrassLands/Maps/LevelContent/ElvenRuins_sharedassets/Road_LayerInfo.uasset" 257
"../../../VRZaliczenie/Content/StarterContent/Materials/M_Basic_Wall.uasset" 258
"../../../VRZaliczenie/Content/StarterContent/Architecture/Pillar_50x500.uasset" 259
"../../../VRZaliczenie/Content/StarterContent/Architecture/Wall_400x300.uasset" 260
"../../../VRZaliczenie/Content/StarterContent/Architecture/Wall_400x400.uasset" 261
"../../../VRZaliczenie/Content/StarterContent/Architecture/Wall_500x500.uasset" 262
"../../../VRZaliczenie/Content/StarterContent/Architecture/Wall_Door_400x400.uasset" 263
"../../../VRZaliczenie/Content/StarterContent/Architecture/Wall_Window_400x400.uasset" 264
"../../../VRZaliczenie/Content/StarterContent/Audio/Light01_Cue.uasset" 265
"../../../VRZaliczenie/Content/StarterContent/Audio/Light02_Cue.uasset" 266
"../../../VRZaliczenie/Content/StarterContent/Audio/Explosion_Cue.uasset" 267
"../../../VRZaliczenie/Content/StarterContent/Textures/T_Burst_M.uasset" 268
"../../../VRZaliczenie/Content/StarterContent/Particles/Materials/M_Burst.uasset" 269
"../../../VRZaliczenie/Content/StarterContent/Textures/T_Explosion_SubUV.uasset" 270
"../../../VRZaliczenie/Content/StarterContent/Particles/Materials/M_explosion_subUV.uasset" 271
"../../../VRZaliczenie/Content/StarterContent/Particles/Materials/m_flare_01.uasset" 272
"../../../VRZaliczenie/Content/StarterContent/Particles/Materials/M_radial_ramp.uasset" 273
"../../../VRZaliczenie/Content/StarterContent/Textures/T_Smoke_SubUV.uasset" 274
"../../../VRZaliczenie/Content/StarterContent/Textures/T_Smoke_Tiled_D.uasset" 275
"../../../VRZaliczenie/Content/StarterContent/Particles/Materials/M_smoke_subUV.uasset" 276
"../../../VRZaliczenie/Content/StarterContent/Particles/P_Explosion.uasset" 277
"../../../VRZaliczenie/Content/StarterContent/Blueprints/Blueprint_Effect_Explosion.uasset" 278
"../../../Engine/Content/EditorMeshes/ColorCalibrator/T_ColorGrid.uasset" 279
"../../../VRZaliczenie/Content/StarterContent/Materials/M_ColorGrid_LowSpec.uasset" 280
"../../../VRZaliczenie/Content/StarterContent/Textures/T_Bush_D.uasset" 281
"../../../VRZaliczenie/Content/StarterContent/Textures/T_Bush_N.uasset" 282
"../../../VRZaliczenie/Content/StarterContent/Props/Materials/M_Bush.uasset" 283
"../../../VRZaliczenie/Content/StarterContent/Props/SM_Bush.uasset" 284
"../../../VRZaliczenie/Content/StarterContent/Textures/T_Chair_M.uasset" 285
"../../../VRZaliczenie/Content/StarterContent/Textures/T_Chair_N.uasset" 286
"../../../VRZaliczenie/Content/StarterContent/Props/Materials/M_Chair.uasset" 287
"../../../VRZaliczenie/Content/StarterContent/Props/SM_Couch.uasset" 288
"../../../VRZaliczenie/Content/StarterContent/Materials/M_Glass.uasset" 289
"../../../VRZaliczenie/Content/StarterContent/Textures/T_Door_M.uasset" 290
"../../../VRZaliczenie/Content/StarterContent/Textures/T_Door_N.uasset" 291
"../../../VRZaliczenie/Content/StarterContent/Props/Materials/M_Door.uasset" 292
"../../../VRZaliczenie/Content/StarterContent/Props/SM_Door.uasset" 293
"../../../VRZaliczenie/Content/StarterContent/Props/Materials/M_MaterialSphere.uasset" 294
"../../../VRZaliczenie/Content/StarterContent/Props/Materials/M_MaterialSphere_Plain.uasset" 295
"../../../VRZaliczenie/Content/StarterContent/Props/SM_MatPreviewMesh_02.uasset" 296
"../../../Engine/Content/Functions/Engine_MaterialFunctions02/Utility/BlendAngleCorrectedNormals.uasset" 297
"../../../VRZaliczenie/Content/StarterContent/Textures/T_Detail_Rocky_N.uasset" 298
"../../../VRZaliczenie/Content/StarterContent/Textures/T_Rock_Basalt_D.uasset" 299
"../../../VRZaliczenie/Content/StarterContent/Textures/T_RockMesh_M.uasset" 300
"../../../VRZaliczenie/Content/StarterContent/Textures/T_RockMesh_N.uasset" 301
"../../../VRZaliczenie/Content/StarterContent/Props/Materials/M_Rock.uasset" 302
"../../../VRZaliczenie/Content/StarterContent/Props/SM_Rock.uasset" 303
"../../../VRZaliczenie/Content/StarterContent/Textures/T_Shelf_M.uasset" 304
"../../../VRZaliczenie/Content/StarterContent/Textures/T_Shelf_N.uasset" 305
"../../../VRZaliczenie/Content/StarterContent/Props/Materials/M_Shelf.uasset" 306
"../../../VRZaliczenie/Content/StarterContent/Props/SM_Shelf.uasset" 307
"../../../VRZaliczenie/Content/StarterContent/Materials/M_Basic_Floor.uasset" 308
"../../../VRZaliczenie/Content/StarterContent/Props/SM_Stairs.uasset" 309
"../../../VRZaliczenie/Content/StarterContent/Shapes/Shape_Cone.uasset" 310
"../../../VRZaliczenie/Content/StarterContent/Shapes/Shape_Cylinder.uasset" 311
"../../../VRZaliczenie/Content/StarterContent/Shapes/Shape_NarrowCapsule.uasset" 312
"../../../VRZaliczenie/Content/StarterContent/Shapes/Shape_Pipe.uasset" 313
"../../../VRZaliczenie/Content/StarterContent/Shapes/Shape_Pipe_180.uasset" 314
"../../../VRZaliczenie/Content/StarterContent/Shapes/Shape_Pipe_90.uasset" 315
"../../../VRZaliczenie/Content/StarterContent/Shapes/Shape_Plane.uasset" 316
"../../../VRZaliczenie/Content/StarterContent/Shapes/Shape_Torus.uasset" 317
"../../../VRZaliczenie/Content/StarterContent/Shapes/Shape_Trim.uasset" 318
"../../../VRZaliczenie/Content/StarterContent/Shapes/Shape_Trim_90_In.uasset" 319
"../../../VRZaliczenie/Content/StarterContent/Shapes/Shape_Trim_90_Out.uasset" 320
"../../../VRZaliczenie/Content/StarterContent/Shapes/Shape_TriPyramid.uasset" 321
"../../../VRZaliczenie/Content/StarterContent/Shapes/Shape_Tube.uasset" 322
"../../../VRZaliczenie/Content/StarterContent/Shapes/Shape_Wedge_A.uasset" 323
"../../../VRZaliczenie/Content/StarterContent/Shapes/Shape_Wedge_B.uasset" 324
"../../../VRZaliczenie/Content/StarterContent/Shapes/Shape_WideCapsule.uasset" 325
"../../../VRZaliczenie/Content/VirtualReality/Materials/GenericHMDMaterial.uasset" 326
"../../../VRZaliczenie/Content/VirtualReality/Meshes/GenericHMD.uasset" 327
"../../../Engine/Content/Functions/Engine_MaterialFunctions01/Texturing/ScaleUVsByCenter.uasset" 328
"../../../Engine/Content/Functions/Engine_MaterialFunctions02/ScreenResolution.uasset" 329
"../../../Engine/Content/Functions/Engine_MaterialFunctions02/Texturing/ScreenAlignedUVs.uasset" 330
"../../../Engine/Content/Functions/Engine_MaterialFunctions02/Utility/CameraDirectionVector.uasset" 331
"../../../Engine/Content/Functions/Engine_MaterialFunctions02/Utility/DepthFromWorldPosition.uasset" 332
"../../../VRZaliczenie/Content/VirtualReality/Materials/MF_OccludedPixels.uasset" 333
"../../../VRZaliczenie/Content/VirtualReality/Materials/TeleportMCP.uasset" 334
"../../../Engine/Content/EngineMaterials/Good64x64TilingNoiseHighFreq.uasset" 335
"../../../VRZaliczenie/Content/VirtualReality/Materials/M_ArcEndpoint.uasset" 336
"../../../VRZaliczenie/Content/VirtualReality/Materials/M_TeleportPreviews.uasset" 337
"../../../VRZaliczenie/Content/VirtualReality/Materials/MI_TeleportCylinderPreview.uasset" 338
"../../../Engine/Content/BasicShapes/Cylinder.uasset" 339
"../../../VRZaliczenie/Content/VirtualReality/Meshes/BeaconDirection.uasset" 340
"../../../VRZaliczenie/Content/VirtualReality/Meshes/SM_FatCylinder.uasset" 341
"../../../VRZaliczenie/Content/VirtualRealityBP/Blueprints/HMDLocomotionPawn.uasset" 342
"../../../VRZaliczenie/Content/VirtualRealityBP/Maps/MotionControllerMap_BuiltData.uasset" 343
"../../../Engine/Plugins/2D/Paper2D/Content/DummySprite.uasset" 344
"../../../Engine/Plugins/2D/Paper2D/Content/DefaultPaperTerrainMaterial.uasset" 345
"../../../Engine/Plugins/2D/Paper2D/Content/DefaultSpriteMaterial.uasset" 346
"../../../Engine/Plugins/2D/Paper2D/Content/MaskedUnlitSpriteMaterial.uasset" 347
"../../../Engine/Plugins/2D/Paper2D/Content/OpaqueUnlitSpriteMaterial.uasset" 348
"../../../Engine/Plugins/2D/Paper2D/Content/PlaceholderTextures/DummySpriteTexture.uasset" 349
"../../../Engine/Content/EditorBlueprintResources/StandardMacros.uasset" 350
"../../../Engine/Content/EngineSky/C_Sky_Cloud_Color.uasset" 351
"../../../Engine/Content/EngineSky/C_Sky_Horizon_Color.uasset" 352
"../../../Engine/Content/EngineSky/C_Sky_Zenith_Color.uasset" 353
"../../../Engine/Content/EngineSky/T_Sky_Blue.uasset" 354
"../../../Engine/Content/EngineSky/T_Sky_Clouds_M.uasset" 355
"../../../Engine/Content/EngineSky/T_Sky_Stars.uasset" 356
"../../../Engine/Content/EngineSky/M_Sky_Panning_Clouds2.uasset" 357
"../../../Engine/Content/EngineSky/SM_SkySphere.uasset" 358
"../../../Engine/Content/EngineSky/BP_Sky_Sphere.uasset" 359
"../../../VRZaliczenie/Content/InfinityBladeGrassLands/Effects/FX_Materials/M_PostSharpen.uasset" 360
"../../../VRZaliczenie/Content/InfinityBladeGrassLands/Effects/FX_Materials/M_PostSharpen_Inst.uasset" 361
"../../../Engine/Content/MapTemplates/lut/LUT_Morning.uasset" 362
"../../../Engine/Content/MapTemplates/T_ScreenDirt02_w.uasset" 363
"../../../Engine/Content/Functions/Engine_MaterialFunctions01/WorldPositionOffset/SimpleGrassWind.uasset" 364
"../../../VRZaliczenie/Content/InfinityBladeGrassLands/Environments/Earth/Textures/T_Cherry_Tree_Flowers_D.uasset" 365
"../../../VRZaliczenie/Content/InfinityBladeGrassLands/Environments/Earth/Textures/T_Cherry_Tree_Flowers_N.uasset" 366
"../../../VRZaliczenie/Content/InfinityBladeGrassLands/Environments/Earth/Materials/M_Cherry_Tree.uasset" 367
"../../../VRZaliczenie/Content/InfinityBladeGrassLands/Environments/Earth/Textures/T_TreeBase1_D.uasset" 368
"../../../VRZaliczenie/Content/InfinityBladeGrassLands/Environments/Earth/Textures/T_TreeBase1_N.uasset" 369
"../../../VRZaliczenie/Content/InfinityBladeGrassLands/Environments/Earth/Materials/M_TreeBark.uasset" 370
"../../../VRZaliczenie/Content/InfinityBladeGrassLands/Environments/Earth/StaticMesh/SM_Cherry_Tree.uasset" 371
"../../../VRZaliczenie/Content/InfinityBladeGrassLands/Environments/Earth/Textures/T_GroundCover_Leaf01_D.uasset" 372
"../../../VRZaliczenie/Content/InfinityBladeGrassLands/Environments/Earth/Textures/T_GroundCover_Leaf01_N.uasset" 373
"../../../VRZaliczenie/Content/InfinityBladeGrassLands/Environments/Earth/Materials/M_GroundCover_LEafy.uasset" 374
"../../../VRZaliczenie/Content/InfinityBladeGrassLands/Environments/Earth/StaticMesh/SM_GroundCover_Leafy01.uasset" 375
"../../../VRZaliczenie/Content/InfinityBladeGrassLands/Environments/Earth/StaticMesh/SM_GroundCover_Leafy03.uasset" 376
"../../../VRZaliczenie/Content/InfinityBladeGrassLands/Environments/Earth/Textures/T_BranchTrunk_D.uasset" 377
"../../../VRZaliczenie/Content/InfinityBladeGrassLands/Environments/Earth/Materials/M_LeavesPile.uasset" 378
"../../../VRZaliczenie/Content/InfinityBladeGrassLands/Environments/Earth/StaticMesh/SM_LeavePiles_01.uasset" 379
"../../../VRZaliczenie/Content/InfinityBladeGrassLands/Environments/Earth/StaticMesh/SM_LeavePiles_02.uasset" 380
"../../../VRZaliczenie/Content/InfinityBladeGrassLands/Environments/Earth/StaticMesh/SM_Rootcluster_A.uasset" 381
"../../../VRZaliczenie/Content/InfinityBladeGrassLands/Environments/Earth/Textures/T_Plants_D.uasset" 382
"../../../VRZaliczenie/Content/InfinityBladeGrassLands/Environments/Earth/Textures/T_Plants_N.uasset" 383
"../../../VRZaliczenie/Content/InfinityBladeGrassLands/Environments/Earth/Materials/M_Exo_Generic_Plants.uasset" 384
"../../../VRZaliczenie/Content/InfinityBladeGrassLands/Environments/Earth/StaticMesh/SM_SmallTree02.uasset" 385
"../../../VRZaliczenie/Content/InfinityBladeGrassLands/Environments/Misc/Exo_Deco02/Textures/T_Pew_D.uasset" 386
"../../../VRZaliczenie/Content/InfinityBladeGrassLands/Environments/Misc/Exo_Deco02/Textures/T_Pew_N.uasset" 387
"../../../VRZaliczenie/Content/InfinityBladeGrassLands/Environments/Misc/Exo_Deco02/Materials/M_Pew.uasset" 388
"../../../VRZaliczenie/Content/InfinityBladeGrassLands/Environments/Misc/Exo_Deco02/StaticMesh/SM_Exo_Pew.uasset" 389
"../../../VRZaliczenie/Content/InfinityBladeGrassLands/Maps/ElvenRuins.umap" 390
"../../../Engine/Content/Functions/Engine_MaterialFunctions01/Gradient/RadialGradientExponential.uasset" 391
"../../../VRZaliczenie/Content/InfinityBladeGrassLands/Maps/LevelContent/Architecture/T_MeterGrid_01_M.uasset" 392
"../../../VRZaliczenie/Content/InfinityBladeGrassLands/Maps/LevelContent/Architecture/M_CycWall_01.uasset" 393
"../../../Engine/Content/MapTemplates/lut/LUT_Daytime.uasset" 394
"../../../VRZaliczenie/Content/InfinityBladeGrassLands/Environments/Misc/Exo_Deco02/StaticMesh/SM_Exo__Arch_1.uasset" 395
"../../../VRZaliczenie/Content/InfinityBladeGrassLands/Environments/Misc/Exo_Deco02/StaticMesh/SM_Exo_Archway_1.uasset" 396
"../../../VRZaliczenie/Content/InfinityBladeGrassLands/Environments/Misc/Exo_Deco02/StaticMesh/SM_Exo_Archway_6.uasset" 397
"../../../VRZaliczenie/Content/InfinityBladeGrassLands/Environments/Misc/Exo_Deco02/StaticMesh/SM_Exo_Archway_7.uasset" 398
"../../../VRZaliczenie/Content/InfinityBladeGrassLands/Environments/Misc/Exo_Deco02/StaticMesh/SM_Exo_Archway_8.uasset" 399
"../../../VRZaliczenie/Content/InfinityBladeGrassLands/Environments/Misc/Exo_Deco02/StaticMesh/Sm_Exo_CobWeb01.uasset" 400
"../../../VRZaliczenie/Content/InfinityBladeGrassLands/Environments/Misc/Exo_Deco02/StaticMesh/SM_Exo_CobWeb02.uasset" 401
"../../../VRZaliczenie/Content/InfinityBladeGrassLands/Environments/Misc/Exo_Deco02/StaticMesh/SM_Exo_CobWeb03.uasset" 402
"../../../VRZaliczenie/Content/InfinityBladeGrassLands/Environments/Misc/Exo_Deco02/StaticMesh/SM_Exo_CobWeb04.uasset" 403
"../../../VRZaliczenie/Content/InfinityBladeGrassLands/Environments/Misc/Exo_Deco02/StaticMesh/SM_Exo_CobWeb05.uasset" 404
"../../../VRZaliczenie/Content/InfinityBladeGrassLands/Environments/Misc/Exo_Deco02/StaticMesh/SM_Exo_Cover_1.uasset" 405
"../../../VRZaliczenie/Content/InfinityBladeGrassLands/Environments/Misc/Exo_Deco02/StaticMesh/SM_Exo_Deco_2.uasset" 406
"../../../VRZaliczenie/Content/InfinityBladeGrassLands/Environments/Misc/Exo_Deco02/StaticMesh/SM_Exo_Stone01.uasset" 407
"../../../VRZaliczenie/Content/InfinityBladeGrassLands/Environments/Misc/Exo_Deco02/Textures/T_Cobweb03_D.uasset" 408
"../../../VRZaliczenie/Content/InfinityBladeGrassLands/Maps/LevelContent/Architecture/M_1Meter_01.uasset" 409
"../../../VRZaliczenie/Content/InfinityBladeGrassLands/Maps/LevelContent/Architecture/SM_1Meter_01.uasset" 410
"../../../VRZaliczenie/Content/InfinityBladeGrassLands/Maps/LevelContent/Architecture/M_CycRoom_01.uasset" 411
"../../../VRZaliczenie/Content/InfinityBladeGrassLands/Maps/LevelContent/Architecture/SM_CycRoom_01.uasset" 412
"../../../VRZaliczenie/Content/InfinityBladeGrassLands/Maps/LevelContent/HDRI/HDRI_Epic_Courtyard_Daylight.uasset" 413
"../../../VRZaliczenie/Content/InfinityBladeGrassLands/Maps/Overview.umap" 414
"../../../VRZaliczenie/Content/StarterContent/Blueprints/Assets/FogBrightnessLUT.uasset" 415
"../../../VRZaliczenie/Content/StarterContent/Blueprints/Assets/SunlightColorLUT.uasset" 416
"../../../VRZaliczenie/Content/StarterContent/Blueprints/Assets/M_LightStage_Arrows.uasset" 417
"../../../Engine/Content/MapTemplates/Sky/DaylightAmbientCubemap.uasset" 418
"../../../VRZaliczenie/Content/StarterContent/Blueprints/Assets/M_LightStage_Skybox_Master.uasset" 419
"../../../VRZaliczenie/Content/StarterContent/Blueprints/Assets/M_LightStage_Skybox_Black.uasset" 420
"../../../VRZaliczenie/Content/StarterContent/Blueprints/Assets/M_LightStage_Skybox_HDRI.uasset" 421
"../../../Engine/Content/EditorMaterials/Thumbnails/SkySphereMaterial.uasset" 422
"../../../VRZaliczenie/Content/StarterContent/Blueprints/Assets/Skybox.uasset" 423
"../../../VRZaliczenie/Content/StarterContent/Blueprints/Assets/SM_Arrows.uasset" 424
"../../../VRZaliczenie/Content/StarterContent/HDRI/HDRI_Epic_Courtyard_Daylight.uasset" 425
"../../../VRZaliczenie/Content/StarterContent/Blueprints/BP_LightStudio.uasset" 426
"../../../VRZaliczenie/Content/StarterContent/Maps/Advanced_Lighting_BuiltData.uasset" 427
"../../../VRZaliczenie/Content/StarterContent/Materials/M_AssetPlatform.uasset" 428
"../../../Engine/Content/EditorMeshes/ColorCalibrator/M_ChromeBall.uasset" 429
"../../../Engine/Content/EditorMeshes/ColorCalibrator/M_ClearCoat.uasset" 430
"../../../Engine/Content/EditorMeshes/ColorCalibrator/M_ClearCoatBlack.uasset" 431
"../../../Engine/Content/EditorMeshes/ColorCalibrator/M_ColorGrid.uasset" 432
"../../../Engine/Content/EditorMeshes/ColorCalibrator/M_GreyBall.uasset" 433
"../../../Engine/Content/EditorMeshes/ColorCalibrator/SM_ColorCalibrator.uasset" 434
"../../../VRZaliczenie/Content/StarterContent/Architecture/SM_AssetPlatform.uasset" 435
"../../../VRZaliczenie/Content/StarterContent/Maps/Advanced_Lighting.umap" 436
"../../../VRZaliczenie/Content/StarterContent/Maps/Minimal_Default_BuiltData.uasset" 437
"../../../VRZaliczenie/Content/StarterContent/Textures/T_MacroVariation.uasset" 438
"../../../VRZaliczenie/Content/StarterContent/Materials/M_Metal_Brushed_Nickel.uasset" 439
"../../../VRZaliczenie/Content/StarterContent/Textures/T_Metal_Aluminum_D.uasset" 440
"../../../VRZaliczenie/Content/StarterContent/Textures/T_Metal_Gold_N.uasset" 441
"../../../VRZaliczenie/Content/StarterContent/Materials/M_Metal_Burnished_Steel.uasset" 442
"../../../VRZaliczenie/Content/StarterContent/Textures/T_Metal_Copper_D.uasset" 443
"../../../VRZaliczenie/Content/StarterContent/Materials/M_Metal_Copper.uasset" 444
"../../../VRZaliczenie/Content/StarterContent/Textures/T_Statue_M.uasset" 445
"../../../VRZaliczenie/Content/StarterContent/Textures/T_Statue_N.uasset" 446
"../../../VRZaliczenie/Content/StarterContent/Props/Materials/M_StatueGlass.uasset" 447
"../../../VRZaliczenie/Content/StarterContent/Architecture/Floor_400x400.uasset" 448
"../../../VRZaliczenie/Content/StarterContent/Audio/Starter_Background_Cue.uasset" 449
"../../../VRZaliczenie/Content/StarterContent/Props/SM_Chair.uasset" 450
"../../../VRZaliczenie/Content/StarterContent/Props/Materials/M_Statue.uasset" 451
"../../../VRZaliczenie/Content/StarterContent/Props/SM_Statue.uasset" 452
"../../../VRZaliczenie/Content/StarterContent/Textures/T_TableRound_M.uasset" 453
"../../../VRZaliczenie/Content/StarterContent/Textures/T_TableRound_N.uasset" 454
"../../../VRZaliczenie/Content/StarterContent/Props/Materials/M_TableRound.uasset" 455
"../../../VRZaliczenie/Content/StarterContent/Props/SM_TableRound.uasset" 456
"../../../VRZaliczenie/Content/StarterContent/Maps/Minimal_Default.umap" 457
"../../../VRZaliczenie/Content/StarterContent/Audio/Fire01_Cue.uasset" 458
"../../../VRZaliczenie/Content/StarterContent/Textures/T_Fire_SubUV.uasset" 459
"../../../VRZaliczenie/Content/StarterContent/Textures/T_Fire_Tiled_D.uasset" 460
"../../../VRZaliczenie/Content/StarterContent/Particles/Materials/M_Fire_SubUV.uasset" 461
"../../../VRZaliczenie/Content/StarterContent/Textures/T_Water_N.uasset" 462
"../../../VRZaliczenie/Content/StarterContent/Particles/Materials/M_Heat_Distortion.uasset" 463
"../../../VRZaliczenie/Content/StarterContent/Particles/Materials/M_Radial_Gradient.uasset" 464
"../../../VRZaliczenie/Content/StarterContent/Particles/P_Fire.uasset" 465
"../../../VRZaliczenie/Content/StarterContent/Blueprints/Blueprint_Effect_Fire.uasset" 466
"../../../VRZaliczenie/Content/StarterContent/Audio/Smoke01_Cue.uasset" 467
"../../../VRZaliczenie/Content/StarterContent/Particles/P_Smoke.uasset" 468
"../../../VRZaliczenie/Content/StarterContent/Blueprints/Blueprint_Effect_Smoke.uasset" 469
"../../../VRZaliczenie/Content/StarterContent/Audio/Fire_Sparks01_Cue.uasset" 470
"../../../VRZaliczenie/Content/StarterContent/Textures/T_Spark_Core.uasset" 471
"../../../VRZaliczenie/Content/StarterContent/Particles/Materials/M_Spark.uasset" 472
"../../../VRZaliczenie/Content/StarterContent/Particles/P_Sparks.uasset" 473
"../../../VRZaliczenie/Content/StarterContent/Blueprints/Blueprint_Effect_Sparks.uasset" 474
"../../../VRZaliczenie/Content/StarterContent/Audio/Steam01_Cue.uasset" 475
"../../../VRZaliczenie/Content/StarterContent/Particles/P_Steam_Lit.uasset" 476
"../../../VRZaliczenie/Content/StarterContent/Blueprints/Blueprint_Effect_Steam.uasset" 477
"../../../VRZaliczenie/Content/StarterContent/Textures/T_Lamp_M.uasset" 478
"../../../VRZaliczenie/Content/StarterContent/Textures/T_Lamp_N.uasset" 479
"../../../VRZaliczenie/Content/StarterContent/Props/Materials/M_Lamp.uasset" 480
"../../../VRZaliczenie/Content/StarterContent/Props/SM_Lamp_Ceiling.uasset" 481
"../../../VRZaliczenie/Content/StarterContent/Blueprints/Blueprint_CeilingLight.uasset" 482
"../../../VRZaliczenie/Content/StarterContent/Props/SM_Lamp_Wall.uasset" 483
"../../../VRZaliczenie/Content/StarterContent/Blueprints/Blueprint_WallSconce.uasset" 484
"../../../VRZaliczenie/Content/StarterContent/Maps/StarterMap_BuiltData.uasset" 485
"../../../Engine/Content/Functions/Engine_MaterialFunctions03/Procedurals/ComputeFilterWidth.uasset" 486
"../../../Engine/Content/EngineMaterials/AntiAliasedTextMaterialTranslucent.uasset" 487
"../../../VRZaliczenie/Content/StarterContent/Textures/T_Brick_Clay_Beveled_D.uasset" 488
"../../../VRZaliczenie/Content/StarterContent/Textures/T_Brick_Clay_Beveled_M.uasset" 489
"../../../VRZaliczenie/Content/StarterContent/Textures/T_Brick_Clay_Beveled_N.uasset" 490
"../../../VRZaliczenie/Content/StarterContent/Materials/M_Brick_Clay_Beveled.uasset" 491
"../../../VRZaliczenie/Content/StarterContent/Textures/T_Brick_Clay_New_D.uasset" 492
"../../../VRZaliczenie/Content/StarterContent/Textures/T_Brick_Clay_New_M.uasset" 493
"../../../VRZaliczenie/Content/StarterContent/Textures/T_Brick_Clay_New_N.uasset" 494
"../../../VRZaliczenie/Content/StarterContent/Materials/M_Brick_Clay_New.uasset" 495
"../../../VRZaliczenie/Content/StarterContent/Textures/T_Brick_Clay_Old_D.uasset" 496
"../../../VRZaliczenie/Content/StarterContent/Textures/T_Brick_Clay_Old_N.uasset" 497
"../../../VRZaliczenie/Content/StarterContent/Textures/T_Perlin_Noise_M.uasset" 498
"../../../VRZaliczenie/Content/StarterContent/Materials/M_Brick_Clay_Old.uasset" 499
"../../../VRZaliczenie/Content/StarterContent/Textures/T_Brick_Cut_Stone_D.uasset" 500
"../../../VRZaliczenie/Content/StarterContent/Textures/T_Brick_Cut_Stone_N.uasset" 501
"../../../VRZaliczenie/Content/StarterContent/Materials/M_Brick_Cut_Stone.uasset" 502
"../../../VRZaliczenie/Content/StarterContent/Textures/T_Brick_Hewn_Stone_D.uasset" 503
"../../../VRZaliczenie/Content/StarterContent/Textures/T_Brick_Hewn_Stone_M.uasset" 504
"../../../VRZaliczenie/Content/StarterContent/Textures/T_Brick_Hewn_Stone_N.uasset" 505
"../../../VRZaliczenie/Content/StarterContent/Materials/M_Brick_Hewn_Stone.uasset" 506
"../../../VRZaliczenie/Content/StarterContent/Textures/T_Ceramic_Tile_M.uasset" 507
"../../../VRZaliczenie/Content/StarterContent/Textures/T_Ceramic_Tile_N.uasset" 508
"../../../VRZaliczenie/Content/StarterContent/Textures/T_Rock_Marble_Polished_D.uasset" 509
"../../../VRZaliczenie/Content/StarterContent/Materials/M_Ceramic_Tile_Checker.uasset" 510
"../../../VRZaliczenie/Content/StarterContent/Textures/T_CobbleStone_Pebble_D.uasset" 511
"../../../VRZaliczenie/Content/StarterContent/Textures/T_CobbleStone_Pebble_M.uasset" 512
"../../../VRZaliczenie/Content/StarterContent/Textures/T_CobbleStone_Pebble_N.uasset" 513
"../../../VRZaliczenie/Content/StarterContent/Materials/M_CobbleStone_Pebble.uasset" 514
"../../../VRZaliczenie/Content/StarterContent/Textures/T_CobbleStone_Rough_D.uasset" 515
"../../../VRZaliczenie/Content/StarterContent/Textures/T_CobbleStone_Rough_N.uasset" 516
"../../../VRZaliczenie/Content/StarterContent/Textures/T_Gradinet_01.uasset" 517
"../../../VRZaliczenie/Content/StarterContent/Textures/T_Rock_Smooth_Granite_D.uasset" 518
"../../../VRZaliczenie/Content/StarterContent/Materials/M_CobbleStone_Rough.uasset" 519
"../../../VRZaliczenie/Content/StarterContent/Textures/T_CobbleStone_Smooth_D.uasset" 520
"../../../VRZaliczenie/Content/StarterContent/Textures/T_CobbleStone_Smooth_M.uasset" 521
"../../../VRZaliczenie/Content/StarterContent/Textures/T_CobbleStone_Smooth_N.uasset" 522
"../../../VRZaliczenie/Content/StarterContent/Materials/M_CobbleStone_Smooth.uasset" 523
"../../../VRZaliczenie/Content/StarterContent/Textures/T_Concrete_Grime_D.uasset" 524
"../../../VRZaliczenie/Content/StarterContent/Textures/T_Metal_Rust_N.uasset" 525
"../../../VRZaliczenie/Content/StarterContent/Materials/M_Concrete_Grime.uasset" 526
"../../../VRZaliczenie/Content/StarterContent/Textures/T_Concrete_Panels_D.uasset" 527
"../../../VRZaliczenie/Content/StarterContent/Textures/T_Concrete_Panels_N.uasset" 528
"../../../VRZaliczenie/Content/StarterContent/Materials/M_Concrete_Panels.uasset" 529
"../../../VRZaliczenie/Content/StarterContent/Textures/T_Concrete_Poured_D.uasset" 530
"../../../VRZaliczenie/Content/StarterContent/Textures/T_Concrete_Poured_N.uasset" 531
"../../../VRZaliczenie/Content/StarterContent/Materials/M_Concrete_Poured.uasset" 532
"../../../VRZaliczenie/Content/StarterContent/Textures/T_Concrete_Tiles_D.uasset" 533
"../../../VRZaliczenie/Content/StarterContent/Textures/T_Concrete_Tiles_M.uasset" 534
"../../../VRZaliczenie/Content/StarterContent/Textures/T_Concrete_Tiles_N.uasset" 535
"../../../VRZaliczenie/Content/StarterContent/Textures/T_Concrete_Tiles_Variation_M.uasset" 536
"../../../VRZaliczenie/Content/StarterContent/Materials/M_Concrete_Tiles.uasset" 537
"../../../VRZaliczenie/Content/StarterContent/Textures/T_Ground_Grass_D.uasset" 538
"../../../VRZaliczenie/Content/StarterContent/Textures/T_Ground_Grass_N.uasset" 539
"../../../VRZaliczenie/Content/StarterContent/Materials/M_Ground_Grass.uasset" 540
"../../../VRZaliczenie/Content/StarterContent/Textures/T_Ground_Gravel_D.uasset" 541
"../../../VRZaliczenie/Content/StarterContent/Textures/T_Ground_Gravel_N.uasset" 542
"../../../VRZaliczenie/Content/StarterContent/Materials/M_Ground_Gravel.uasset" 543
"../../../VRZaliczenie/Content/StarterContent/Textures/T_ground_Moss_D.uasset" 544
"../../../VRZaliczenie/Content/StarterContent/Textures/T_Ground_Moss_N.uasset" 545
"../../../VRZaliczenie/Content/StarterContent/Materials/M_Ground_Moss.uasset" 546
"../../../VRZaliczenie/Content/StarterContent/Materials/M_Metal_Chrome.uasset" 547
"../../../VRZaliczenie/Content/StarterContent/Textures/T_Metal_Gold_D.uasset" 548
"../../../VRZaliczenie/Content/StarterContent/Materials/M_Metal_Gold.uasset" 549
"../../../VRZaliczenie/Content/StarterContent/Textures/T_Metal_Rust_D.uasset" 550
"../../../VRZaliczenie/Content/StarterContent/Materials/M_Metal_Rust.uasset" 551
"../../../VRZaliczenie/Content/StarterContent/Textures/T_Metal_Steel_D.uasset" 552
"../../../VRZaliczenie/Content/StarterContent/Textures/T_Metal_Steel_N.uasset" 553
"../../../VRZaliczenie/Content/StarterContent/Materials/M_Metal_Steel.uasset" 554
"../../../VRZaliczenie/Content/StarterContent/Textures/T_Rock_Basalt_N.uasset" 555
"../../../VRZaliczenie/Content/StarterContent/Materials/M_Rock_Basalt.uasset" 556
"../../../VRZaliczenie/Content/StarterContent/Materials/M_Rock_Marble_Polished.uasset" 557
"../../../VRZaliczenie/Content/StarterContent/Textures/T_Rock_Sandstone_D.uasset" 558
"../../../VRZaliczenie/Content/StarterContent/Textures/T_Rock_Sandstone_N.uasset" 559
"../../../VRZaliczenie/Content/StarterContent/Materials/M_Rock_Sandstone.uasset" 560
"../../../VRZaliczenie/Content/StarterContent/Textures/T_Rock_Slate_D.uasset" 561
"../../../VRZaliczenie/Content/StarterContent/Textures/T_Rock_Slate_N.uasset" 562
"../../../VRZaliczenie/Content/StarterContent/Materials/M_Rock_Slate.uasset" 563
"../../../VRZaliczenie/Content/StarterContent/Textures/T_Checker_Noise_M.uasset" 564
"../../../VRZaliczenie/Content/StarterContent/Textures/T_Single_Tile_N.uasset" 565
"../../../VRZaliczenie/Content/StarterContent/Textures/T_Tech_Dot_M.uasset" 566
"../../../VRZaliczenie/Content/StarterContent/Textures/T_Tech_Dot_N.uasset" 567
"../../../VRZaliczenie/Content/StarterContent/Materials/M_Tech_Checker_Dot.uasset" 568
"../../../VRZaliczenie/Content/StarterContent/Textures/T_Tech_Hex_Tile_M.uasset" 569
"../../../VRZaliczenie/Content/StarterContent/Textures/T_Tech_Hex_Tile_N.uasset" 570
"../../../VRZaliczenie/Content/StarterContent/Materials/M_Tech_Hex_Tile.uasset" 571
"../../../VRZaliczenie/Content/StarterContent/Materials/M_Tech_Hex_Tile_Pulse.uasset" 572
"../../../VRZaliczenie/Content/StarterContent/Textures/T_Tech_Panel_M.uasset" 573
"../../../VRZaliczenie/Content/StarterContent/Textures/T_Tech_Panel_N.uasset" 574
"../../../VRZaliczenie/Content/StarterContent/Materials/M_Tech_Panel.uasset" 575
"../../../VRZaliczenie/Content/StarterContent/Materials/M_Water_Lake.uasset" 576
"../../../VRZaliczenie/Content/StarterContent/Textures/T_Water_M.uasset" 577
"../../../VRZaliczenie/Content/StarterContent/Materials/M_Water_Ocean.uasset" 578
"../../../VRZaliczenie/Content/StarterContent/Textures/T_Wood_Floor_Walnut_D.uasset" 579
"../../../VRZaliczenie/Content/StarterContent/Textures/T_Wood_Floor_Walnut_M.uasset" 580
"../../../VRZaliczenie/Content/StarterContent/Textures/T_Wood_Floor_Walnut_N.uasset" 581
"../../../VRZaliczenie/Content/StarterContent/Materials/M_Wood_Floor_Walnut_Polished.uasset" 582
"../../../Engine/Content/Functions/Engine_MaterialFunctions01/Opacity/AlphaOffset.uasset" 583
"../../../VRZaliczenie/Content/StarterContent/Materials/M_Wood_Floor_Walnut_Worn.uasset" 584
"../../../VRZaliczenie/Content/StarterContent/Textures/T_Wood_Oak_D.uasset" 585
"../../../VRZaliczenie/Content/StarterContent/Textures/T_Wood_Oak_N.uasset" 586
"../../../VRZaliczenie/Content/StarterContent/Materials/M_Wood_Oak.uasset" 587
"../../../VRZaliczenie/Content/StarterContent/Textures/T_Wood_Pine_D.uasset" 588
"../../../VRZaliczenie/Content/StarterContent/Textures/T_Wood_Pine_N.uasset" 589
"../../../VRZaliczenie/Content/StarterContent/Materials/M_Wood_Pine.uasset" 590
"../../../VRZaliczenie/Content/StarterContent/Textures/T_Wood_Walnut_D.uasset" 591
"../../../VRZaliczenie/Content/StarterContent/Textures/T_Wood_Walnut_N.uasset" 592
"../../../VRZaliczenie/Content/StarterContent/Materials/M_Wood_Walnut.uasset" 593
"../../../VRZaliczenie/Content/StarterContent/Architecture/Wall_400x200.uasset" 594
"../../../VRZaliczenie/Content/StarterContent/Architecture/Wall_Door_400x300.uasset" 595
"../../../VRZaliczenie/Content/StarterContent/Architecture/Wall_Window_400x300.uasset" 596
"../../../VRZaliczenie/Content/StarterContent/Audio/Collapse_Cue.uasset" 597
"../../../VRZaliczenie/Content/StarterContent/Audio/Starter_Music_Cue.uasset" 598
"../../../VRZaliczenie/Content/StarterContent/Textures/T_Dust_Particle_D.uasset" 599
"../../../VRZaliczenie/Content/StarterContent/Particles/Materials/M_Dust_Particle.uasset" 600
"../../../VRZaliczenie/Content/StarterContent/Particles/P_Ambient_Dust.uasset" 601
"../../../VRZaliczenie/Content/StarterContent/Props/MaterialSphere.uasset" 602
"../../../VRZaliczenie/Content/StarterContent/Textures/T_Frame_M.uasset" 603
"../../../VRZaliczenie/Content/StarterContent/Textures/T_Frame_N.uasset" 604
"../../../VRZaliczenie/Content/StarterContent/Props/Materials/M_Frame.uasset" 605
"../../../VRZaliczenie/Content/StarterContent/Props/SM_CornerFrame.uasset" 606
"../../../VRZaliczenie/Content/StarterContent/Props/SM_DoorFrame.uasset" 607
"../../../VRZaliczenie/Content/StarterContent/Props/SM_GlassWindow.uasset" 608
"../../../VRZaliczenie/Content/StarterContent/Props/SM_PillarFrame.uasset" 609
"../../../VRZaliczenie/Content/StarterContent/Props/SM_PillarFrame300.uasset" 610
"../../../VRZaliczenie/Content/StarterContent/Props/SM_WindowFrame.uasset" 611
"../../../VRZaliczenie/Content/StarterContent/Shapes/Shape_Cube.uasset" 612
"../../../VRZaliczenie/Content/StarterContent/Shapes/Shape_QuadPyramid.uasset" 613
"../../../VRZaliczenie/Content/StarterContent/Shapes/Shape_Sphere.uasset" 614
"../../../VRZaliczenie/Content/StarterContent/Maps/StarterMap.umap" 615
"../../../VRZaliczenie/Content/VirtualRealityBP/Blueprints/PickupActorInterface.uasset" 616
"../../../VRZaliczenie/Content/VirtualReality/Materials/M_BaseMaterial.uasset" 617
"../../../VRZaliczenie/Content/VirtualReality/Materials/MI_SmallCubes.uasset" 618
"../../../VRZaliczenie/Content/Geometry/Meshes/1M_Cube.uasset" 619
"../../../VRZaliczenie/Content/VirtualRealityBP/Blueprints/BP_PickupCube.uasset" 620
"../../../VRZaliczenie/Content/VirtualReality/Mannequin/Character/Mesh/MannequinHand_Right_Skeleton.uasset" 621
"../../../VRZaliczenie/Content/VirtualReality/Mannequin/Animations/MannequinHand_Right_CanGrab.uasset" 622
"../../../VRZaliczenie/Content/VirtualReality/Mannequin/Animations/MannequinHand_Right_Grab.uasset" 623
"../../../VRZaliczenie/Content/VirtualReality/Mannequin/Animations/MannequinHand_Right_Open.uasset" 624
"../../../VRZaliczenie/Content/VirtualReality/Mannequin/Animations/RightGrip_BS.uasset" 625
"../../../VRZaliczenie/Content/VirtualRealityBP/Blueprints/GripEnum.uasset" 626
"../../../VRZaliczenie/Content/VirtualReality/Mannequin/Animations/RightHand_AnimBP.uasset" 627
"../../../VRZaliczenie/Content/VirtualReality/Materials/M_SplineArcMat.uasset" 628
"../../../VRZaliczenie/Content/VirtualReality/Materials/MI_ChaperoneOutline.uasset" 629
"../../../Engine/Content/BasicShapes/Sphere.uasset" 630
"../../../VRZaliczenie/Content/VirtualReality/Mannequin/Character/Textures/UE4_Mannequin__normals.uasset" 631
"../../../VRZaliczenie/Content/VirtualReality/Mannequin/Character/Textures/UE4_Mannequin_MAT_MASKA.uasset" 632
"../../../VRZaliczenie/Content/VirtualReality/Mannequin/Character/Materials/M_HandMat.uasset" 633
"../../../VRZaliczenie/Content/VirtualReality/Mannequin/Character/Mesh/MannequinHand_Right_PhysicsAsset.uasset" 634
"../../../VRZaliczenie/Content/VirtualReality/Mannequin/Character/Mesh/MannequinHand_Right.uasset" 635
"../../../VRZaliczenie/Content/VirtualReality/Meshes/1x1_cube.uasset" 636
"../../../VRZaliczenie/Content/VirtualReality/Meshes/BeamMesh.uasset" 637
"../../../VRZaliczenie/Content/VirtualRealityBP/Blueprints/BP_MotionController.uasset" 638
"../../../VRZaliczenie/Content/VirtualRealityBP/Blueprints/MotionControllerPawn.uasset" 639
"../../../VRZaliczenie/Content/VirtualRealityBP/Maps/MainMap.umap" 640
"../../../Engine/Content/Maps/Entry.umap" 641
