Log file open, 06/19/17 09:46:25
LogInit:Display: Running engine for game: VRZaliczenie
LogPlatformFile: Not using cached read wrapper
LogInit:Display: RandInit(281623179) SRandInit(281623179).
LogTaskGraph: Started task graph with 5 named threads and 8 total threads with 1 sets of task threads.
LogStats: Stats thread started at 0.110606
LogInit: Using libcurl 7.47.1
LogInit:  - built for x86_64-pc-win32
LogInit:  - supports SSL with OpenSSL/1.0.2g
LogInit:  - supports HTTP deflate (compression) using libz 1.2.8
LogInit:  - other features:
LogInit:      CURL_VERSION_SSL
LogInit:      CURL_VERSION_LIBZ
LogInit:      CURL_VERSION_IPV6
LogInit:      CURL_VERSION_ASYNCHDNS
LogInit:      CURL_VERSION_LARGEFILE
LogInit:      CURL_VERSION_IDN
LogInit:  CurlRequestOptions (configurable via config and command line):
LogInit:  - bVerifyPeer = false  - Libcurl will NOT verify peer certificate
LogInit:  - bUseHttpProxy = false  - Libcurl will NOT use HTTP proxy
LogInit:  - bDontReuseConnections = false  - Libcurl will reuse connections
LogInit:  - CertBundlePath = nullptr  - Libcurl will use whatever was configured at build time.
LogInit: Build: ++UE4+Release-4.15-CL-3450819
LogInit: Engine Version: 4.15.3-3450819+++UE4+Release-4.15
LogInit: Compatible Engine Version: 4.15.0-3299760+++UE4+Release-4.15
LogInit: Net CL: 3299760
LogDevObjectVersion: Number of dev versions registered: 14
LogDevObjectVersion:   Dev-Blueprints (B0D832E4-1F89-4F0D-ACCF-7EB736FD4AA2): 8
LogDevObjectVersion:   Dev-Build (E1C64328-A22C-4D53-A36C-8E866417BD8C): 0
LogDevObjectVersion:   Dev-Core (375EC13C-06E4-48FB-B500-84F0262A717E): 2
LogDevObjectVersion:   Dev-Editor (E4B068ED-F494-42E9-A231-DA0B2E46BB41): 14
LogDevObjectVersion:   Dev-Framework (CFFC743F-43B0-4480-9391-14DF171D2073): 22
LogDevObjectVersion:   Dev-Mobile (B02B49B5-BB20-44E9-A304-32B752E40360): 0
LogDevObjectVersion:   Dev-Networking (A4E4105C-59A1-49B5-A7C5-40C4547EDFEE): 0
LogDevObjectVersion:   Dev-Online (39C831C9-5AE6-47DC-9A44-9C173E1C8E7C): 0
LogDevObjectVersion:   Dev-Physics (78F01B33-EBEA-4F98-B9B4-84EACCB95AA2): 0
LogDevObjectVersion:   Dev-Platform (6631380F-2D4D-43E0-8009-CF276956A95A): 0
LogDevObjectVersion:   Dev-Rendering (12F88B9F-8875-4AFC-A67C-D90C383ABD29): 12
LogDevObjectVersion:   Dev-Sequencer (7B5AE74C-D270-4C10-A958-57980B212A5A): 3
LogDevObjectVersion:   Dev-VR (D7296918-1DD6-4BDD-9DE2-64A83CC13884): 0
LogDevObjectVersion:   Dev-LoadTimes (C2A15278-BFE7-4AFE-6C17-90FF531DF755): 1
LogInit: Compiled (64-bit): May 21 2017 11:02:34
LogInit: Compiled with Visual C++: 19.00.23026.00
LogInit: Build Configuration: Development
LogInit: Branch Name: ++UE4+Release-4.15
LogInit: Command line:  
LogInit: Base directory: D:/Programy/UE_4.15/Engine/Binaries/Win64/
LogInit: Installed Engine Build: 1
LogInit: Presizing for max 8388607 objects, including 0 objects not considered by GC, pre-allocating 0 bytes for permanent pool.
LogInit: Object subsystem initialized
[2017.06.19-07.46.28:243][  0]LogConsoleManager:Display: Setting the console variable 'r.RHICmdBypass' with 'SetByProjectSetting' was ignored as it is lower priority than the previous 'SetBySystemSettingsIni'. Value remains '1'
[2017.06.19-07.46.28:399][  0]LogInit: Selected Device Profile: [Windows]
[2017.06.19-07.46.28:399][  0]LogInit: Applying CVar settings loaded from the selected device profile: [Windows]
[2017.06.19-07.46.28:568][  0]LogInit: Computer: DESKTOP-12SRKSO
[2017.06.19-07.46.28:568][  0]LogInit: User: user
[2017.06.19-07.46.28:568][  0]LogInit: CPU Page size=65536, Cores=4
[2017.06.19-07.46.28:568][  0]LogInit: High frequency timer resolution =2.742187 MHz
[2017.06.19-07.46.28:590][  0]LogMemory: Memory total: Physical=15.9GB (16GB approx)
[2017.06.19-07.46.28:590][  0]LogMemory: Platform Memory Stats for Windows
[2017.06.19-07.46.28:590][  0]LogMemory: Process Physical Memory: 264.29 MB used, 264.29 MB peak
[2017.06.19-07.46.28:590][  0]LogMemory: Process Virtual Memory: 262.74 MB used, 262.74 MB peak
[2017.06.19-07.46.28:590][  0]LogMemory: Physical Memory: 3011.29 MB used,  13226.73 MB free, 16238.02 MB total
[2017.06.19-07.46.28:590][  0]LogMemory: Virtual Memory: 631.22 MB used,  13226.73 MB free, 134217728.00 MB total
[2017.06.19-07.46.30:245][  0]LogTextLocalizationManager: No translations for ('pl-PL') exist, falling back to 'en' for localization and internationalization data.
[2017.06.19-07.46.32:937][  0]LogD3D11RHI: D3D11 adapters:
[2017.06.19-07.46.33:016][  0]LogD3D11RHI:    0. 'NVIDIA GeForce GTX 1050 Ti' (Feature Level 11_0)
[2017.06.19-07.46.33:016][  0]LogD3D11RHI:       4059/0/8072 MB DedicatedVideo/DedicatedSystem/SharedSystem, Outputs:1, VendorId:0x10de
[2017.06.19-07.46.33:030][  0]LogD3D11RHI:    1. 'Intel(R) HD Graphics 630' (Feature Level 11_0)
[2017.06.19-07.46.33:030][  0]LogD3D11RHI:       128/0/8072 MB DedicatedVideo/DedicatedSystem/SharedSystem, Outputs:0, VendorId:0x8086
[2017.06.19-07.46.33:032][  0]LogD3D11RHI:    2. 'Microsoft Basic Render Driver' (Feature Level 11_0)
[2017.06.19-07.46.33:032][  0]LogD3D11RHI:       0/0/8072 MB DedicatedVideo/DedicatedSystem/SharedSystem, Outputs:0, VendorId:0x1414
[2017.06.19-07.46.33:032][  0]LogD3D11RHI: Chosen D3D11 Adapter: 0
[2017.06.19-07.46.33:083][  0]LogD3D11RHI: Creating new Direct3DDevice
[2017.06.19-07.46.33:083][  0]LogD3D11RHI:     GPU DeviceId: 0x1c8c (for the marketing name, search the web for "GPU Device Id")
[2017.06.19-07.46.33:083][  0]LogWindows: EnumDisplayDevices:
[2017.06.19-07.46.33:083][  0]LogWindows:    0. 'Intel(R) HD Graphics 630' (P:1 D:1)
[2017.06.19-07.46.33:083][  0]LogWindows:    1. 'Intel(R) HD Graphics 630' (P:0 D:0)
[2017.06.19-07.46.33:084][  0]LogWindows:    2. 'Intel(R) HD Graphics 630' (P:0 D:0)
[2017.06.19-07.46.33:084][  0]LogWindows:    3. 'NVIDIA GeForce GTX 1050 Ti' (P:0 D:0)
[2017.06.19-07.46.33:084][  0]LogWindows:    4. 'NVIDIA GeForce GTX 1050 Ti' (P:0 D:0)
[2017.06.19-07.46.33:085][  0]LogWindows:    5. 'NVIDIA GeForce GTX 1050 Ti' (P:0 D:0)
[2017.06.19-07.46.33:085][  0]LogWindows:    6. 'NVIDIA GeForce GTX 1050 Ti' (P:0 D:0)
[2017.06.19-07.46.33:085][  0]LogWindows: DebugString: PrimaryIsNotTheChoosenAdapter PrimaryIsNotTheChoosenAdapter PrimaryIsNotTheChoosenAdapter FoundDriverCount:4 
[2017.06.19-07.46.33:085][  0]LogD3D11RHI:     Adapter Name: NVIDIA GeForce GTX 1050 Ti
[2017.06.19-07.46.33:087][  0]LogD3D11RHI:   Driver Version: 376.74 (internal:21.21.13.7674, unified:376.74)
[2017.06.19-07.46.33:087][  0]LogD3D11RHI:      Driver Date: 1-23-2017
[2017.06.19-07.46.33:087][  0]LogRHI: Texture pool is 1361 MB (70% of 1945 MB)
[2017.06.19-07.46.33:124][  0]LogD3D11RHI: Async texture creation enabled
[2017.06.19-07.46.33:840][  0]LogD3D11RHI: GPU Timing Frequency: 1000.000000 (Debug: 2 1)
[2017.06.19-07.46.34:066][  0]LogShaderCompilers: Guid format shader working directory is 4 characters bigger than the processId version (C:/Users/user/Desktop/VRZaliczenie-master/Intermediate/Shaders/WorkingDirectory/8812/).
[2017.06.19-07.46.34:066][  0]LogShaderCompilers: Cleaned the shader compiler working directory 'C:/Users/user/AppData/Local/Temp/UnrealShaderWorkingDir/8F23BB174CC9D6FB432B46B5A9EBF619/'.
[2017.06.19-07.46.34:082][  0]LogShaderCompilers:Display: Using Local Shader Compiler.
[2017.06.19-07.46.39:069][  0]LogTemp:Display: Loaded TP AllDesktopTargetPlatform
[2017.06.19-07.46.39:140][  0]LogTemp:Display: Loaded TP MacClientTargetPlatform
[2017.06.19-07.46.39:210][  0]LogTemp:Display: Loaded TP MacNoEditorTargetPlatform
[2017.06.19-07.46.39:269][  0]LogTemp:Display: Loaded TP MacServerTargetPlatform
[2017.06.19-07.46.39:354][  0]LogTemp:Display: Loaded TP MacTargetPlatform
[2017.06.19-07.46.39:419][  0]LogTemp:Display: Loaded TP WindowsClientTargetPlatform
[2017.06.19-07.46.39:483][  0]LogTemp:Display: Loaded TP WindowsNoEditorTargetPlatform
[2017.06.19-07.46.39:538][  0]LogTemp:Display: Loaded TP WindowsServerTargetPlatform
[2017.06.19-07.46.39:618][  0]LogTemp:Display: Loaded TP WindowsTargetPlatform
[2017.06.19-07.46.39:716][  0]LogTemp:Display: Loaded TP AndroidTargetPlatform
[2017.06.19-07.46.39:838][  0]LogTemp:Display: Loaded TP Android_ASTCTargetPlatform
[2017.06.19-07.46.39:892][  0]LogTemp:Display: Loaded TP Android_ATCTargetPlatform
[2017.06.19-07.46.39:971][  0]LogTemp:Display: Loaded TP Android_DXTTargetPlatform
[2017.06.19-07.46.40:056][  0]LogTemp:Display: Loaded TP Android_ETC1TargetPlatform
[2017.06.19-07.46.40:139][  0]LogTemp:Display: Loaded TP Android_ETC2TargetPlatform
[2017.06.19-07.46.40:307][  0]LogTemp:Display: Loaded TP Android_MultiTargetPlatform
[2017.06.19-07.46.40:307][  0]LogTemp:Display: Loaded TP Android_PVRTCTargetPlatform
[2017.06.19-07.46.40:375][  0]LogTemp:Display: Loaded TP HTML5TargetPlatform
[2017.06.19-07.46.40:736][  0]LogTemp:Display: Loaded TP IOSTargetPlatform
[2017.06.19-07.46.40:793][  0]LogTemp:Display: Loaded TP TVOSTargetPlatform
[2017.06.19-07.46.40:878][  0]LogTemp:Display: Loaded TP LinuxClientTargetPlatform
[2017.06.19-07.46.40:926][  0]LogTemp:Display: Loaded TP LinuxNoEditorTargetPlatform
[2017.06.19-07.46.41:013][  0]LogTemp:Display: Loaded TP LinuxServerTargetPlatform
[2017.06.19-07.46.41:100][  0]LogTemp:Display: Loaded TP LinuxTargetPlatform
[2017.06.19-07.46.41:100][  0]LogTargetPlatformManager:Display: Building Assets For Windows
[2017.06.19-07.46.42:507][  0]LogDerivedDataCache:Display: Max Cache Size: 512 MB
[2017.06.19-07.46.43:016][  0]LogDerivedDataCache: Loaded boot cache 0.51s 61MB C:/Users/user/AppData/Local/UnrealEngine/4.15/DerivedDataCache/Boot.ddc.
[2017.06.19-07.46.43:016][  0]LogDerivedDataCache:Display: Loaded Boot cache: C:/Users/user/AppData/Local/UnrealEngine/4.15/DerivedDataCache/Boot.ddc
[2017.06.19-07.46.43:016][  0]LogDerivedDataCache: FDerivedDataBackendGraph:  Pak pak cache file C:/Users/user/Desktop/VRZaliczenie-master/DerivedDataCache/DDC.ddp not found, will not use a pak cache.
[2017.06.19-07.46.43:016][  0]LogDerivedDataCache: Unable to find inner node Pak for hierarchical cache Hierarchy.
[2017.06.19-07.46.43:016][  0]LogDerivedDataCache: FDerivedDataBackendGraph:  CompressedPak pak cache file C:/Users/user/Desktop/VRZaliczenie-master/DerivedDataCache/Compressed.ddp not found, will not use a pak cache.
[2017.06.19-07.46.43:016][  0]LogDerivedDataCache: Unable to find inner node CompressedPak for hierarchical cache Hierarchy.
[2017.06.19-07.46.43:193][  0]LogDerivedDataCache:Display: Pak cache opened for reading ../../../Engine/DerivedDataCache/Compressed.ddp.
[2017.06.19-07.46.43:209][  0]LogDerivedDataCache: Using Local data cache path C:/Users/user/AppData/Local/UnrealEngine/Common/DerivedDataCache: Writable
[2017.06.19-07.46.43:547][  0]LogSlate: Using Freetype 2.6.0
[2017.06.19-07.46.44:110][  0]LogSlate: SlateFontCache - WITH_FREETYPE: 1, WITH_HARFBUZZ: 1
[2017.06.19-07.46.44:110][  0]LogSlate: SlateFontCache - WITH_FREETYPE: 1, WITH_HARFBUZZ: 1
[2017.06.19-07.46.57:699][  0]LogInit: Selected Device Profile: [Windows]
[2017.06.19-07.46.57:945][  0]LogContentStreaming: Texture pool size is 0.00 MB
[2017.06.19-07.46.59:035][  0]LogMeshUtilities: Using QuadricMeshReduction for automatic static mesh reduction
[2017.06.19-07.46.59:124][  0]LogSimplygon: Simplygon DLL not present - disabling.
[2017.06.19-07.46.59:180][  0]LogMeshUtilities: Using SimplygonSwarm for distributed automatic mesh merging
[2017.06.19-07.46.59:180][  0]LogMeshUtilities: No automatic skeletal mesh reduction module available
[2017.06.19-07.46.59:180][  0]LogMeshUtilities: No automatic mesh merging module available
[2017.06.19-07.47.07:927][  0]LogNetVersion: GetLocalNetworkVersion: CL: 3299760, ProjectName: vrzaliczenie, ProjectVersion: , EngineNetworkVersion: 2, GameNetworkVersion: 0, NetworkChecksum: 2145750629
[2017.06.19-07.47.08:169][  0]LogAssetRegistry: FAssetRegistry took 0.0263 seconds to start up
[2017.06.19-07.47.08:483][  0]LogPackageLocalizationCache: Processed 3 localized package path(s) for 1 prioritized culture(s) in 0.135367 seconds
[2017.06.19-07.47.08:521][  0]LogUObjectArray: 32493 objects as part of root set at end of initial load.
[2017.06.19-07.47.08:521][  0]LogUObjectAllocator: 7077032 out of 0 bytes used by permanent object pool.
[2017.06.19-07.47.08:521][  0]LogUObjectArray: CloseDisregardForGC: 0/0 objects in disregard for GC pool
[2017.06.19-07.47.08:676][  0]LogInit: WinSock: version 1.1 (2.2), MaxSocks=32767, MaxUdp=65467
[2017.06.19-07.47.26:234][  0]LogTcpMessaging: Initializing TcpMessaging bridge
[2017.06.19-07.47.26:336][  0]LogUdpMessaging: Initializing bridge on interface 0.0.0.0:0 to multicast group 230.0.0.1:6666.
[2017.06.19-07.47.28:538][  0]LogMaterial: Uniform references updated for custom material expression Custom.
[2017.06.19-07.47.29:752][  0]SourceControl: Info Source control is disabled
[2017.06.19-07.47.29:771][  0]SourceControl: Info Source control is disabled
[2017.06.19-07.47.29:879][  0]SourceControl: Info Source control is disabled
[2017.06.19-07.47.29:995][  0]SourceControl: Info Source control is disabled
[2017.06.19-07.47.33:540][  0]LogEngine: Initializing Engine...
[2017.06.19-07.47.33:568][  0]LogHMD: Failed to initialize OpenVR with code 110
[2017.06.19-07.47.34:011][  0]LogStats: UGameplayTagsManager::ConstructGameplayTagTree: Construct from data asset -  0.000 s
[2017.06.19-07.47.34:033][  0]LogStats: UGameplayTagsManager::ConstructGameplayTagTree: GameplayTagTreeChangedEvent.Broadcast -  0.018 s
[2017.06.19-07.47.34:962][  0]LogAIModule: Creating AISystem for world Untitled
[2017.06.19-07.47.35:213][  0]LogInit: XAudio2 using 'Głośniki (Realtek High Definition Audio)' : 2 channels at 48 kHz using 32 bits per sample (channel mask 0x3)
[2017.06.19-07.47.35:267][  0]LogInit: FAudioDevice initialized.
[2017.06.19-07.47.35:298][  0]LogDerivedDataCache: Saved boot cache 0.03s 51MB C:/Users/user/AppData/Local/UnrealEngine/4.15/DerivedDataCache/Boot.ddc.
[2017.06.19-07.47.35:302][  0]LogInit: Texture streaming: Enabled
[2017.06.19-07.47.35:503][  0]LogEngineSessionManager: EngineSessionManager initialized
[2017.06.19-07.47.35:816][  0]LogInit: Transaction tracking system initialized
[2017.06.19-07.47.36:944][  0]BlueprintLog: New page: Editor Load
[2017.06.19-07.47.39:986][  0]LocalizationService: Info Localization service is disabled
[2017.06.19-07.47.41:833][  0]LogConsoleResponse:Display: 
[2017.06.19-07.47.44:433][  0]LogCook:Display: Max memory allowance for cook 16384mb min free memory 0mb
[2017.06.19-07.47.44:433][  0]LogCook:Display: Mobile HDR setting 1
[2017.06.19-07.47.44:912][  0]LogFileCache: Scanning file cache for directory 'C:/Users/user/Desktop/VRZaliczenie-master/Content/' took 0.04s
[2017.06.19-07.47.47:647][  0]SourceControl: Info Source control is disabled
[2017.06.19-07.47.47:712][  0]Cmd: MAP LOAD FILE="C:/Users/user/Desktop/VRZaliczenie-master/Content/VirtualRealityBP/Maps/StartupMap.umap" TEMPLATE=0 SHOWPROGRESS=1 FEATURELEVEL=3
[2017.06.19-07.47.47:754][  0]LightingResults: New page: Lighting Build
[2017.06.19-07.47.47:967][  0]MapCheck: New page: Map Check
[2017.06.19-07.47.47:967][  0]LightingResults: New page: Lighting Build
[2017.06.19-07.47.48:751][  0]LogAIModule: Creating AISystem for world StartupMap
[2017.06.19-07.47.49:390][  0]LogEditorServer: Finished looking for orphan Actors (0.000 secs)
[2017.06.19-07.47.49:447][  0]Cmd: MAP CHECKDEP NOCLEARLOG
[2017.06.19-07.47.49:525][  0]MapCheck: Info Map check complete: 0 Error(s), 0 Warning(s), took 77.94ms to complete.
[2017.06.19-07.47.49:525][  0]LogFileHelpers: Loading map 'StartupMap' took 1.841
[2017.06.19-07.47.51:204][  0]LogCollectionManager: Loaded 0 collections in 0.001974 seconds
[2017.06.19-07.47.51:531][  0]LogFileCache: Scanning file cache for directory 'C:/Users/user/Desktop/VRZaliczenie-master/Saved/Collections/' took 0.01s
[2017.06.19-07.47.51:531][  0]LogFileCache: Scanning file cache for directory 'C:/Users/user/Desktop/VRZaliczenie-master/Content/Developers/user/Collections/' took 0.01s
[2017.06.19-07.47.51:531][  0]LogFileCache: Scanning file cache for directory 'C:/Users/user/Desktop/VRZaliczenie-master/Content/Collections/' took 0.01s
[2017.06.19-07.47.51:531][  0]LogCollectionManager: Rebuilt the GUID cache for 0 collections in 0.000004 seconds
[2017.06.19-07.47.51:644][  0]LogContentBrowser: Native class hierarchy populated in 0.0378 seconds. Added 2245 classes and 453 folders.
[2017.06.19-07.47.51:779][  0]LogContentBrowser: Native class hierarchy updated for 'WidgetCarousel' in 0.0005 seconds. Added 0 classes and 0 folders.
[2017.06.19-07.47.52:717][  0]LogContentBrowser: Native class hierarchy updated for 'AddContentDialog' in 0.0011 seconds. Added 0 classes and 0 folders.
[2017.06.19-07.47.53:480][  0]LogContentBrowser: Native class hierarchy updated for 'SceneOutliner' in 0.0017 seconds. Added 1 classes and 2 folders.
[2017.06.19-07.47.54:246][  0]LogCrashTracker: Crashtracker disabled due to settings.
[2017.06.19-07.47.54:456][  0]LogUObjectGlobals:Warning: Failed to find object 'Class None.'
[2017.06.19-07.47.54:717][  0]LogContentBrowser: Native class hierarchy updated for 'HierarchicalLODOutliner' in 0.0006 seconds. Added 1 classes and 2 folders.
[2017.06.19-07.47.54:718][  0]LogLoad: (Engine Initialization) Total time: 94.32 seconds
[2017.06.19-07.47.54:718][  0]LogLoad: (Engine Initialization) Total Blueprint compile time: 1.16 seconds
[2017.06.19-07.47.54:718][  0]LogExternalProfiler: Found external profiler: VSPerf
[2017.06.19-07.47.54:718][  0]LogExternalProfiler: Using external profiler: VSPerf
[2017.06.19-07.47.54:759][  0]LogOcInput: OculusInput pre-init called
[2017.06.19-07.47.54:940][  0]LogContentStreaming: Texture pool size now 1000 MB
[2017.06.19-07.47.55:090][  0]LogSlate: Took 0.013413 seconds to synchronously load lazily loaded font '../../../Engine/Content/Slate/Fonts/Roboto-Regular.ttf' (155K)
[2017.06.19-07.47.55:122][  0]LogSlate: Took 0.019224 seconds to synchronously load lazily loaded font '../../../Engine/Content/Editor/Slate/Fonts/FontAwesome.ttf' (139K)
[2017.06.19-07.47.55:154][  0]LogSlate: Took 0.014231 seconds to synchronously load lazily loaded font '../../../Engine/Content/Slate/Fonts/Roboto-Bold.ttf' (160K)
[2017.06.19-07.47.55:920][  1]LogRenderer: Reallocating scene render targets to support 692x636 NumSamples 1 (Frame:2).
[2017.06.19-07.47.55:920][  1]LogHttp:Warning: 0000020A04FD4700: request failed, libcurl error: 6 (Couldn't resolve host name)
[2017.06.19-07.47.55:920][  1]LogHttp:Warning: 0000020A04FD4700: libcurl info message cache 0 (Could not resolve host: cdn.unrealengine.com)
[2017.06.19-07.47.55:920][  1]LogHttp:Warning: 0000020A04FD4700: libcurl info message cache 1 (Closing connection 0)
[2017.06.19-07.47.56:134][  1]LogSlate: Took 0.031217 seconds to synchronously load lazily loaded font '../../../Engine/Content/Slate/Fonts/Roboto-Light.ttf' (159K)
[2017.06.19-07.47.56:695][  2]LogHttp:Warning: 0000020A05B92F80: request failed, libcurl error: 6 (Couldn't resolve host name)
[2017.06.19-07.47.56:695][  2]LogHttp:Warning: 0000020A05B92F80: libcurl info message cache 0 (Could not resolve host: cdn.unrealengine.com)
[2017.06.19-07.47.56:695][  2]LogHttp:Warning: 0000020A05B92F80: libcurl info message cache 1 (Closing connection 1)
[2017.06.19-07.47.56:759][  3]LogHttp:Warning: 0000020A057DE200: request failed, libcurl error: 6 (Couldn't resolve host name)
[2017.06.19-07.47.56:759][  3]LogHttp:Warning: 0000020A057DE200: libcurl info message cache 0 (Could not resolve host: cdn.unrealengine.com)
[2017.06.19-07.47.56:759][  3]LogHttp:Warning: 0000020A057DE200: libcurl info message cache 1 (Closing connection 2)
[2017.06.19-07.47.56:817][  4]LogAssetRegistry: Asset discovery search completed in 48.6708 seconds
[2017.06.19-07.47.56:817][  4]LogCollectionManager: Rebuilt the object cache for 0 collections in 0.000005 seconds (found 0 objects)
[2017.06.19-07.47.56:817][  4]LogCollectionManager: Fixed up redirectors for 0 collections in 0.000017 seconds (updated 0 objects)
[2017.06.19-07.48.04:175][418]LogSlate: Took 0.000339 seconds to synchronously load lazily loaded font '../../../Engine/Content/Slate/Fonts/Roboto-Light.ttf' (159K)
[2017.06.19-07.48.05:046][418]LogSlate: Took 0.000346 seconds to synchronously load lazily loaded font '../../../Engine/Content/Slate/Fonts/Roboto-Regular.ttf' (155K)
[2017.06.19-07.48.05:604][418]LogAIModule: Creating AISystem for world HMDLocomotionMap
[2017.06.19-07.48.05:705][418]Cmd: MAP LOAD FILE="C:/Users/user/Desktop/VRZaliczenie-master/Content/VirtualRealityBP/Maps/HMDLocomotionMap.umap" TEMPLATE=0 SHOWPROGRESS=1 FEATURELEVEL=3
[2017.06.19-07.48.05:705][418]LightingResults: New page: Lighting Build
[2017.06.19-07.48.05:710][418]LoadErrors: New page: Loading map: HMDLocomotionMap.umap
[2017.06.19-07.48.05:740][418]MapCheck: New page: Map Check
[2017.06.19-07.48.05:741][418]LightingResults: New page: Lighting Build
[2017.06.19-07.48.05:818][418]LogEditorServer: Finished looking for orphan Actors (0.000 secs)
[2017.06.19-07.48.05:839][418]Cmd: MAP CHECKDEP NOCLEARLOG
[2017.06.19-07.48.05:917][418]MapCheck: Info Map check complete: 0 Error(s), 0 Warning(s), took 77.785ms to complete.
[2017.06.19-07.48.05:919][418]LogFileHelpers: Loading map 'HMDLocomotionMap' took 0.214
[2017.06.19-07.48.12:478][724]LogAIModule: Creating AISystem for world MotionControllerMap
[2017.06.19-07.48.12:529][724]Cmd: MAP LOAD FILE="C:/Users/user/Desktop/VRZaliczenie-master/Content/VirtualRealityBP/Maps/MotionControllerMap.umap" TEMPLATE=0 SHOWPROGRESS=1 FEATURELEVEL=3
[2017.06.19-07.48.12:530][724]LightingResults: New page: Lighting Build
[2017.06.19-07.48.12:532][724]LoadErrors: New page: Loading map: MotionControllerMap.umap
[2017.06.19-07.48.12:533][724]MapCheck: New page: Map Check
[2017.06.19-07.48.12:533][724]LightingResults: New page: Lighting Build
[2017.06.19-07.48.12:566][724]LogEditorServer: Finished looking for orphan Actors (0.000 secs)
[2017.06.19-07.48.12:578][724]Cmd: MAP CHECKDEP NOCLEARLOG
[2017.06.19-07.48.12:677][724]MapCheck: Info Map check complete: 0 Error(s), 0 Warning(s), took 99.456ms to complete.
[2017.06.19-07.48.12:677][724]LogFileHelpers: Loading map 'MotionControllerMap' took 0.148
[2017.06.19-07.48.24:949][403]LogRenderer: Reallocating scene render targets to support 804x708 NumSamples 1 (Frame:1416).
[2017.06.19-07.51.53:463][536]LogUObjectGlobals:Warning: Failed to find object 'Object None.'
[2017.06.19-07.51.53:463][536]LogUObjectGlobals:Warning: Failed to find object 'Object None.'
[2017.06.19-07.51.54:519][591]LogSlate: Took 0.000785 seconds to synchronously load lazily loaded font '../../../Engine/Content/Slate/Fonts/Roboto-Light.ttf' (159K)
[2017.06.19-07.51.57:485][673]LogContentBrowser: Native class hierarchy updated for 'BlueprintGraph' in 0.0008 seconds. Added 112 classes and 0 folders.
[2017.06.19-07.51.59:115][673]LogSlate: Took 0.021294 seconds to synchronously load lazily loaded font '../../../Engine/Content/Editor/Slate/Fonts/Roboto-BoldCondensed.ttf' (158K)
[2017.06.19-07.52.00:239][674]LogSlate: Took 0.013548 seconds to synchronously load lazily loaded font '../../../Engine/Content/Editor/Slate/Fonts/Roboto-Italic.ttf' (157K)
[2017.06.19-07.56.22:137][773]LogUObjectGlobals:Warning: Failed to find object 'Object None.'
[2017.06.19-07.56.22:137][773]LogUObjectGlobals:Warning: Failed to find object 'Object None.'
[2017.06.19-08.01.04:795][870]LogBlueprint:Warning: [Compiler PersistentLevel.MotionControllerMap] Warning 'Functional Test' does not inherit from 'Motion Controller Map' ( Cast To FunctionalTest  would always fail).
[2017.06.19-08.01.04:796][870]LogBlueprint:Warning: [Compiler PersistentLevel.MotionControllerMap] Warning [0884.40] Compile of PersistentLevel.MotionControllerMap successful, but with 1 Warning(s) [in 2 ms] (/Game/VirtualRealityBP/Maps/MotionControllerMap.MotionControllerMap:PersistentLevel.MotionControllerMap)
[2017.06.19-08.01.04:823][870]LogBlueprint:Warning: [Compiler PersistentLevel.MotionControllerMap] Warning [0884.42] Compile of PersistentLevel.MotionControllerMap successful, but with 2 Warning(s) [in 0 ms] (/Game/VirtualRealityBP/Maps/MotionControllerMap.MotionControllerMap:PersistentLevel.MotionControllerMap)
[2017.06.19-08.01.04:823][870]LogBlueprint:Warning: [Compiler PersistentLevel.MotionControllerMap] Warning [0884.42] Compile of PersistentLevel.MotionControllerMap successful, but with 3 Warning(s) [in 0 ms] (/Game/VirtualRealityBP/Maps/MotionControllerMap.MotionControllerMap:PersistentLevel.MotionControllerMap)
[2017.06.19-08.01.04:946][870]LogBlueprint:Warning: [Compiler PersistentLevel.MotionControllerMap] Warning [0884.55] Compile of PersistentLevel.MotionControllerMap successful, but with 4 Warning(s) [in 123 ms] (/Game/VirtualRealityBP/Maps/MotionControllerMap.MotionControllerMap:PersistentLevel.MotionControllerMap)
[2017.06.19-08.01.04:948][870]LogBlueprint:Warning: [Compiler PersistentLevel.MotionControllerMap] Warning [0884.55] Compile of PersistentLevel.MotionControllerMap successful, but with 5 Warning(s) [in 1 ms] (/Game/VirtualRealityBP/Maps/MotionControllerMap.MotionControllerMap:PersistentLevel.MotionControllerMap)
[2017.06.19-08.01.04:948][870]LogBlueprint:Warning: [Compiler PersistentLevel.MotionControllerMap] Warning [0884.55] Compile of PersistentLevel.MotionControllerMap successful, but with 6 Warning(s) [in 0 ms] (/Game/VirtualRealityBP/Maps/MotionControllerMap.MotionControllerMap:PersistentLevel.MotionControllerMap)
[2017.06.19-08.01.05:091][870]LogSavePackage: Save=299.64ms
[2017.06.19-08.01.05:091][870]LogSavePackage: Moving 'C:/Users/user/Desktop/VRZaliczenie-master/Saved/MotionControllerMap_Auto1A28720A647DECED5A1E8589E8F9B9C40.tmp' to 'C:/Users/user/Desktop/VRZaliczenie-master/Saved/Autosaves/Game/VirtualRealityBP/Maps/MotionControllerMap_Auto1.umap'
[2017.06.19-08.01.05:094][870]LogSavePackage:Display: Finished SavePackage C:/Users/user/Desktop/VRZaliczenie-master/Saved/Autosaves/Game/VirtualRealityBP/Maps/MotionControllerMap_Auto1.umap
[2017.06.19-08.01.05:113][870]LogFileHelpers: Editor autosave (incl. sublevels) for '/Game/VirtualRealityBP/Maps/MotionControllerMap' took 0.461
[2017.06.19-08.01.05:113][870]LogFileHelpers: Editor autosave (incl. sublevels) for all levels took 0.461
[2017.06.19-08.04.17:963][202]LogBlueprint:Warning: [Compiler PersistentLevel.MotionControllerMap] Warning 'Functional Test' does not inherit from 'Motion Controller Map' ( Cast To FunctionalTest  would always fail).
[2017.06.19-08.04.17:964][202]LogBlueprint:Warning: [Compiler PersistentLevel.MotionControllerMap] Warning [1077.57] Compile of PersistentLevel.MotionControllerMap successful, but with 1 Warning(s) [in 3 ms] (/Game/VirtualRealityBP/Maps/MotionControllerMap.MotionControllerMap:PersistentLevel.MotionControllerMap)
[2017.06.19-08.04.17:965][202]LogBlueprint:Warning: [Compiler PersistentLevel.MotionControllerMap] Warning [1077.57] Compile of PersistentLevel.MotionControllerMap successful, but with 2 Warning(s) [in 0 ms] (/Game/VirtualRealityBP/Maps/MotionControllerMap.MotionControllerMap:PersistentLevel.MotionControllerMap)
[2017.06.19-08.04.17:965][202]LogBlueprint:Warning: [Compiler PersistentLevel.MotionControllerMap] Warning [1077.57] Compile of PersistentLevel.MotionControllerMap successful, but with 3 Warning(s) [in 0 ms] (/Game/VirtualRealityBP/Maps/MotionControllerMap.MotionControllerMap:PersistentLevel.MotionControllerMap)
[2017.06.19-08.04.18:027][202]LogBlueprint:Warning: [Compiler PersistentLevel.MotionControllerMap] Warning [1077.63] Compile of PersistentLevel.MotionControllerMap successful, but with 4 Warning(s) [in 62 ms] (/Game/VirtualRealityBP/Maps/MotionControllerMap.MotionControllerMap:PersistentLevel.MotionControllerMap)
[2017.06.19-08.04.18:029][202]LogBlueprint:Warning: [Compiler PersistentLevel.MotionControllerMap] Warning [1077.63] Compile of PersistentLevel.MotionControllerMap successful, but with 5 Warning(s) [in 1 ms] (/Game/VirtualRealityBP/Maps/MotionControllerMap.MotionControllerMap:PersistentLevel.MotionControllerMap)
[2017.06.19-08.04.18:029][202]LogBlueprint:Warning: [Compiler PersistentLevel.MotionControllerMap] Warning [1077.63] Compile of PersistentLevel.MotionControllerMap successful, but with 6 Warning(s) [in 0 ms] (/Game/VirtualRealityBP/Maps/MotionControllerMap.MotionControllerMap:PersistentLevel.MotionControllerMap)
[2017.06.19-08.04.18:138][202]LogSavePackage: Save=179.35ms
[2017.06.19-08.04.18:138][202]LogSavePackage: Moving 'C:/Users/user/Desktop/VRZaliczenie-master/Saved/MotionControllerMapC6CD1072468A7EE510193990CAF49527.tmp' to 'C:/Users/user/Desktop/VRZaliczenie-master/Content/VirtualRealityBP/Maps/MotionControllerMap.umap'
[2017.06.19-08.04.18:144][202]LogSavePackage:Display: Finished SavePackage C:/Users/user/Desktop/VRZaliczenie-master/Content/VirtualRealityBP/Maps/MotionControllerMap.umap
[2017.06.19-08.04.18:156][202]LogFileHelpers: Saving map 'MotionControllerMap' took 0.355
[2017.06.19-08.05.07:867][779]LogUObjectGlobals:Warning: Failed to find object 'Object None.'
[2017.06.19-08.05.07:867][779]LogUObjectGlobals:Warning: Failed to find object 'Object None.'
[2017.06.19-08.05.09:656][884]LogUObjectGlobals:Warning: Failed to find object 'Object None.'
[2017.06.19-08.05.09:656][884]LogUObjectGlobals:Warning: Failed to find object 'Object None.'
